Log file open, 10/21/17 21:30:48
LogWindows: Failed to load 'aqProf.dll' (GetLastError=126)
LogWindows: File 'aqProf.dll' does not exist
LogWindows: Failed to load 'VtuneApi.dll' (GetLastError=126)
LogWindows: File 'VtuneApi.dll' does not exist
LogWindows: Failed to load 'VtuneApi32e.dll' (GetLastError=126)
LogWindows: File 'VtuneApi32e.dll' does not exist
LogInit: Display: Running engine for game: SnippetTemplate
LogPlatformFile: Not using cached read wrapper
LogInit: Display: RandInit(193967142) SRandInit(193967142).
LogTaskGraph: Started task graph with 5 named threads and 14 total threads with 3 sets of task threads.
LogStats: Stats thread started at 0.172156
LogD3D11RHI: Aftermath initialized
LogPluginManager: Mounting plugin Paper2D
LogPluginManager: Mounting plugin LightPropagationVolume
LogPluginManager: Mounting plugin CodeLiteSourceCodeAccess
LogPluginManager: Mounting plugin GitSourceControl
LogPluginManager: Mounting plugin KDevelopSourceCodeAccess
LogPluginManager: Mounting plugin NullSourceCodeAccess
LogPluginManager: Mounting plugin PerforceSourceControl
LogPluginManager: Mounting plugin SubversionSourceControl
LogPluginManager: Mounting plugin UObjectPlugin
LogPluginManager: Mounting plugin VisualStudioSourceCodeAccess
LogPluginManager: Mounting plugin XCodeSourceCodeAccess
LogPluginManager: Mounting plugin AssetManagerEditor
LogPluginManager: Mounting plugin AudioCapture
LogPluginManager: Mounting plugin FacialAnimation
LogPluginManager: Mounting plugin GameplayTagsEditor
LogPluginManager: Mounting plugin MobileLauncherProfileWizard
LogPluginManager: Mounting plugin PluginBrowser
LogPluginManager: Mounting plugin SpeedTreeImporter
LogPluginManager: Mounting plugin AlembicImporter
LogPluginManager: Mounting plugin CharacterAI
LogPluginManager: Mounting plugin HTML5Networking
LogPluginManager: Mounting plugin Linter
LogPluginManager: Mounting plugin AndroidMedia
LogPluginManager: Mounting plugin AvfMedia
LogPluginManager: Mounting plugin MediaPlayerEditor
LogPluginManager: Mounting plugin WmfMedia
LogPluginManager: Mounting plugin TcpMessaging
LogPluginManager: Mounting plugin UdpMessaging
LogPluginManager: Mounting plugin LevelSequenceEditor
LogPluginManager: Mounting plugin MatineeToLevelSequence
LogPluginManager: Mounting plugin OnlineSubsystemGooglePlay
LogPluginManager: Mounting plugin OnlineSubsystemIOS
LogPluginManager: Mounting plugin OnlineSubsystem
LogPluginManager: Mounting plugin OnlineSubsystemNull
LogPluginManager: Mounting plugin OnlineSubsystemUtils
LogPluginManager: Mounting plugin AndroidDeviceProfileSelector
LogPluginManager: Mounting plugin AndroidMoviePlayer
LogPluginManager: Mounting plugin AndroidPermission
LogPluginManager: Mounting plugin AppleMoviePlayer
LogPluginManager: Mounting plugin ArchVisCharacter
LogPluginManager: Mounting plugin CableComponent
LogPluginManager: Mounting plugin CustomMeshComponent
LogPluginManager: Mounting plugin ExampleDeviceProfileSelector
LogPluginManager: Mounting plugin GoogleCloudMessaging
LogPluginManager: Mounting plugin ImmediatePhysics
LogPluginManager: Mounting plugin IOSDeviceProfileSelector
LogPluginManager: Mounting plugin LinuxDeviceProfileSelector
LogPluginManager: Mounting plugin LocationServicesBPLibrary
LogPluginManager: Mounting plugin MobilePatchingUtils
LogPluginManager: Mounting plugin OculusVR
LogPluginManager: Mounting plugin PhysXVehicles
LogPluginManager: Mounting plugin ProceduralMeshComponent
LogPluginManager: Mounting plugin RuntimePhysXCooking
LogPluginManager: Mounting plugin SteamVR
LogPluginManager: Mounting plugin WindowsMoviePlayer
LogInit: Using libcurl 7.47.1
LogInit:  - built for x86_64-pc-win32
LogInit:  - supports SSL with OpenSSL/1.0.2g
LogInit:  - supports HTTP deflate (compression) using libz 1.2.8
LogInit:  - other features:
LogInit:      CURL_VERSION_SSL
LogInit:      CURL_VERSION_LIBZ
LogInit:      CURL_VERSION_IPV6
LogInit:      CURL_VERSION_ASYNCHDNS
LogInit:      CURL_VERSION_LARGEFILE
LogInit:      CURL_VERSION_IDN
LogInit:  CurlRequestOptions (configurable via config and command line):
LogInit:  - bVerifyPeer = false  - Libcurl will NOT verify peer certificate
LogInit:  - bUseHttpProxy = false  - Libcurl will NOT use HTTP proxy
LogInit:  - bDontReuseConnections = false  - Libcurl will reuse connections
LogInit:  - CertBundlePath = nullptr  - Libcurl will use whatever was configured at build time.
LogInit: Build: ++UE4+Release-4.17-CL-3658906
LogInit: Engine Version: 4.17.2-3658906+++UE4+Release-4.17
LogInit: Compatible Engine Version: 4.17.0-3573198+++UE4+Release-4.17
LogInit: Net CL: 3573198
LogDevObjectVersion: Number of dev versions registered: 16
LogDevObjectVersion:   Dev-Blueprints (B0D832E4-1F89-4F0D-ACCF-7EB736FD4AA2): 10
LogDevObjectVersion:   Dev-Build (E1C64328-A22C-4D53-A36C-8E866417BD8C): 0
LogDevObjectVersion:   Dev-Core (375EC13C-06E4-48FB-B500-84F0262A717E): 2
LogDevObjectVersion:   Dev-Editor (E4B068ED-F494-42E9-A231-DA0B2E46BB41): 20
LogDevObjectVersion:   Dev-Framework (CFFC743F-43B0-4480-9391-14DF171D2073): 28
LogDevObjectVersion:   Dev-Mobile (B02B49B5-BB20-44E9-A304-32B752E40360): 0
LogDevObjectVersion:   Dev-Networking (A4E4105C-59A1-49B5-A7C5-40C4547EDFEE): 0
LogDevObjectVersion:   Dev-Online (39C831C9-5AE6-47DC-9A44-9C173E1C8E7C): 0
LogDevObjectVersion:   Dev-Physics (78F01B33-EBEA-4F98-B9B4-84EACCB95AA2): 0
LogDevObjectVersion:   Dev-Platform (6631380F-2D4D-43E0-8009-CF276956A95A): 0
LogDevObjectVersion:   Dev-Rendering (12F88B9F-8875-4AFC-A67C-D90C383ABD29): 19
LogDevObjectVersion:   Dev-Sequencer (7B5AE74C-D270-4C10-A958-57980B212A5A): 4
LogDevObjectVersion:   Dev-VR (D7296918-1DD6-4BDD-9DE2-64A83CC13884): 0
LogDevObjectVersion:   Dev-LoadTimes (C2A15278-BFE7-4AFE-6C17-90FF531DF755): 1
LogDevObjectVersion:   Private-Geometry (6EACA3D4-40EC-4CC1-B786-8BED09428FC5): 1
LogDevObjectVersion:   Dev-AnimPhys (29E575DD-E0A3-4627-9D10-D276232CDCEA): 7
LogInit: Compiled (64-bit): Sep 22 2017 13:47:16
LogInit: Compiled with Visual C++: 19.00.24215.01
LogInit: Build Configuration: Development
LogInit: Branch Name: ++UE4+Release-4.17
LogInit: Command line: "A:/Game Design/paraleyeswc/SnippetProjects/SnippetTemplate/SnippetTemplate/SnippetTemplate.uproject" -run=Linter "/Game"
LogInit: Base directory: A:/Game Design/UE4/Epic Games/UE_4.17/Engine/Binaries/Win64/
LogInit: Installed Engine Build: 1
LogInit: Presizing for max 8388607 objects, including 0 objects not considered by GC, pre-allocating 0 bytes for permanent pool.
LogInit: Object subsystem initialized
[2017.10.22-02.30.49:047][  0]LogInit: Selected Device Profile: [Windows]
[2017.10.22-02.30.49:047][  0]LogInit: Applying CVar settings loaded from the selected device profile: [Windows]
[2017.10.22-02.30.49:058][  0]LogInit: Computer: DESKTOP-N53GCT6
[2017.10.22-02.30.49:058][  0]LogInit: User: death
[2017.10.22-02.30.49:058][  0]LogInit: CPU Page size=4096, Cores=4
[2017.10.22-02.30.49:058][  0]LogInit: High frequency timer resolution =3.906249 MHz
[2017.10.22-02.30.49:058][  0]LogMemory: Memory total: Physical=31.9GB (32GB approx)
[2017.10.22-02.30.49:058][  0]LogMemory: Platform Memory Stats for Windows
[2017.10.22-02.30.49:058][  0]LogMemory: Process Physical Memory: 276.04 MB used, 276.04 MB peak
[2017.10.22-02.30.49:058][  0]LogMemory: Process Virtual Memory: 272.51 MB used, 272.51 MB peak
[2017.10.22-02.30.49:058][  0]LogMemory: Physical Memory: 11338.58 MB used,  21378.10 MB free, 32716.68 MB total
[2017.10.22-02.30.49:058][  0]LogMemory: Virtual Memory: 650.72 MB used,  21378.10 MB free, 134217728.00 MB total
[2017.10.22-02.30.49:198][  0]LogInit: Using OS detected language (en-US).
[2017.10.22-02.30.49:198][  0]LogInit: Using OS detected locale (en-US).
[2017.10.22-02.30.49:204][  0]LogTextLocalizationManager: No specific localization for 'en-US' exists, so the 'en' localization will be used.
[2017.10.22-02.30.50:057][  0]LogShaderCompilers: Guid format shader working directory is -32 characters bigger than the processId version (../../../../../../paraleyeswc/SnippetProjects/SnippetTemplate/SnippetTemplate/Intermediate/Shaders/WorkingDirectory/18660/).
[2017.10.22-02.30.50:057][  0]LogShaderCompilers: Cleaned the shader compiler working directory 'C:/Users/death/AppData/Local/Temp/UnrealShaderWorkingDir/22CD737A4C2876D545B70E9464EA0E7D/'.
[2017.10.22-02.30.50:057][  0]LogShaderCompilers: Display: Using Local Shader Compiler.
[2017.10.22-02.30.51:009][  0]LogTemp: Display: Loaded TP WindowsClientTargetPlatform
[2017.10.22-02.30.51:061][  0]LogTemp: Display: Loaded TP WindowsNoEditorTargetPlatform
[2017.10.22-02.30.51:114][  0]LogTemp: Display: Loaded TP WindowsServerTargetPlatform
[2017.10.22-02.30.51:166][  0]LogTemp: Display: Loaded TP WindowsTargetPlatform
[2017.10.22-02.30.51:166][  0]LogTargetPlatformManager: Display: Building Assets For Windows
[2017.10.22-02.30.51:623][  0]LogDerivedDataCache: Display: Max Cache Size: 512 MB
[2017.10.22-02.30.51:716][  0]LogDerivedDataCache: Loaded boot cache 0.09s 93MB C:/Users/death/AppData/Local/UnrealEngine/4.17/DerivedDataCache/Boot.ddc.
[2017.10.22-02.30.51:716][  0]LogDerivedDataCache: Display: Loaded Boot cache: C:/Users/death/AppData/Local/UnrealEngine/4.17/DerivedDataCache/Boot.ddc
[2017.10.22-02.30.51:717][  0]LogDerivedDataCache: FDerivedDataBackendGraph:  Pak pak cache file ../../../../../../paraleyeswc/SnippetProjects/SnippetTemplate/SnippetTemplate/DerivedDataCache/DDC.ddp not found, will not use a pak cache.
[2017.10.22-02.30.51:717][  0]LogDerivedDataCache: Unable to find inner node Pak for hierarchical cache Hierarchy.
[2017.10.22-02.30.51:717][  0]LogDerivedDataCache: FDerivedDataBackendGraph:  CompressedPak pak cache file ../../../../../../paraleyeswc/SnippetProjects/SnippetTemplate/SnippetTemplate/DerivedDataCache/Compressed.ddp not found, will not use a pak cache.
[2017.10.22-02.30.51:717][  0]LogDerivedDataCache: Unable to find inner node CompressedPak for hierarchical cache Hierarchy.
[2017.10.22-02.30.51:732][  0]LogDerivedDataCache: Display: Pak cache opened for reading ../../../Engine/DerivedDataCache/Compressed.ddp.
[2017.10.22-02.30.51:744][  0]LogDerivedDataCache: Using Local data cache path C:/Users/death/AppData/Local/UnrealEngine/Common/DerivedDataCache: Writable
[2017.10.22-02.30.51:753][  0]LogMaterial: Verifying Global Shaders for PCD3D_SM5
[2017.10.22-02.30.51:993][  0]LogAssetRegistry: FAssetRegistry took 0.0043 seconds to start up
[2017.10.22-02.30.52:114][  0]LogInit: Selected Device Profile: [Windows]
[2017.10.22-02.30.52:476][  0]LogSimplygon: Simplygon DLL not present - disabling.
[2017.10.22-02.30.52:518][  0]LogMeshReduction: Using SimplygonSwarm for distributed automatic mesh merging
[2017.10.22-02.30.52:518][  0]LogMeshReduction: Using QuadricMeshReduction for automatic static mesh reduction
[2017.10.22-02.30.52:518][  0]LogMeshReduction: No automatic skeletal mesh reduction module available
[2017.10.22-02.30.52:518][  0]LogMeshReduction: No automatic mesh merging module available
[2017.10.22-02.30.52:518][  0]LogMeshMerging: No automatic mesh merging module available
[2017.10.22-02.30.52:705][  0]LogNetVersion: SnippetTemplate , NetCL: 3573198, EngineNetVer: 2, GameNetVer: 0 (Checksum: 3304080252)
[2017.10.22-02.30.52:872][  0]LogPackageLocalizationCache: Processed 5 localized package path(s) for 2 prioritized culture(s) in 0.064639 seconds
[2017.10.22-02.30.52:915][  0]LogInit: WinSock: version 1.1 (2.2), MaxSocks=32767, MaxUdp=65467
[2017.10.22-02.30.55:493][  0]SourceControl: Source control is disabled
[2017.10.22-02.30.55:493][  0]SourceControl: Source control is disabled
[2017.10.22-02.30.55:550][  0]SourceControl: Source control is disabled
[2017.10.22-02.30.55:607][  0]SourceControl: Source control is disabled
[2017.10.22-02.30.56:041][  0]LogStats: FPlatformStackWalk::StackWalkAndDump -  0.165 s
[2017.10.22-02.30.56:041][  0]LogOutputDevice: Error: === Handled ensure: ===
[2017.10.22-02.30.56:041][  0]LogOutputDevice: Error: 
[2017.10.22-02.30.56:041][  0]LogOutputDevice: Error: Ensure condition failed: !IsRunningGame() [File:D:\Build\++UE4+Release-4.17+Compile\Sync\Engine\Source\Editor\MainFrame\Private\MainFrameModule.cpp] [Line: 486]
[2017.10.22-02.30.56:041][  0]LogOutputDevice: Error: The MainFrame module should only be loaded when running the editor.  Code that extends the editor, adds menu items, etc... should not run when running in -game mode or in a non-WITH_EDITOR build
[2017.10.22-02.30.56:041][  0]LogOutputDevice: Error: Stack: 
[2017.10.22-02.30.56:041][  0]LogOutputDevice: Error: UE4Editor-Core.dll!0x00000000DF983E36
[2017.10.22-02.30.56:041][  0]LogOutputDevice: Error: UE4Editor-Core.dll!0x00000000DF70C2D2
[2017.10.22-02.30.56:041][  0]LogOutputDevice: Error: UE4Editor-Core.dll!0x00000000DF724746
[2017.10.22-02.30.56:041][  0]LogOutputDevice: Error: UE4Editor-MainFrame.dll!0x00000000C90019D8
[2017.10.22-02.30.56:041][  0]LogOutputDevice: Error: UE4Editor-Core.dll!0x00000000DF7F6944
[2017.10.22-02.30.56:041][  0]LogOutputDevice: Error: UE4Editor-Core.dll!0x00000000DF7F5BE3
[2017.10.22-02.30.56:041][  0]LogOutputDevice: Error: UE4Editor-Core.dll!0x00000000DF7F5D57
[2017.10.22-02.30.56:041][  0]LogOutputDevice: Error: UE4Editor-PluginBrowser.dll!0x00000000C86F6120
[2017.10.22-02.30.56:041][  0]LogOutputDevice: Error: UE4Editor-Core.dll!0x00000000DF7F6944
[2017.10.22-02.30.56:041][  0]LogOutputDevice: Error: UE4Editor-Projects.dll!0x000000000C67D3CD
[2017.10.22-02.30.56:041][  0]LogOutputDevice: Error: UE4Editor-Projects.dll!0x000000000C68E91B
[2017.10.22-02.30.56:041][  0]LogOutputDevice: Error: UE4Editor-Projects.dll!0x000000000C67CF4B
[2017.10.22-02.30.56:041][  0]LogOutputDevice: Error: UE4Editor.exe!0x000000000B8B64CA
[2017.10.22-02.30.56:041][  0]LogOutputDevice: Error: UE4Editor.exe!0x000000000B8BA7BD
[2017.10.22-02.30.56:041][  0]LogOutputDevice: Error: UE4Editor.exe!0x000000000B8B379A
[2017.10.22-02.30.56:041][  0]LogOutputDevice: Error: UE4Editor.exe!0x000000000B8B39EA
[2017.10.22-02.30.56:041][  0]LogOutputDevice: Error: UE4Editor.exe!0x000000000B8C02D9
[2017.10.22-02.30.56:041][  0]LogOutputDevice: Error: UE4Editor.exe!0x000000000B8C1C47
[2017.10.22-02.30.56:041][  0]LogOutputDevice: Error: KERNEL32.DLL!0x000000001FF52774
[2017.10.22-02.30.56:041][  0]LogOutputDevice: Error: ntdll.dll!0x00000000210B0D51
[2017.10.22-02.30.56:041][  0]LogOutputDevice: Error: 
[2017.10.22-02.30.56:048][  0]LogStats:                SubmitErrorReport -  0.000 s
[2017.10.22-02.30.56:350][  0]LogStats:                    SendNewReport -  0.302 s
[2017.10.22-02.30.56:350][  0]LogStats:             FDebug::EnsureFailed -  0.475 s
[2017.10.22-02.30.56:982][  0]LogAndroidPermission: UAndroidPermissionCallbackProxy::GetInstance
[2017.10.22-02.30.57:301][  0]LogOcInput: OculusInput pre-init called
[2017.10.22-02.30.57:502][  0]LogUObjectArray: 39104 objects as part of root set at end of initial load.
[2017.10.22-02.30.57:502][  0]LogUObjectAllocator: 8664264 out of 0 bytes used by permanent object pool.
[2017.10.22-02.30.57:503][  0]LogUObjectArray: CloseDisregardForGC: 0/0 objects in disregard for GC pool
[2017.10.22-02.30.57:571][  0]LogInit: Executing Class /Script/Linter.LinterCommandlet
[2017.10.22-02.30.57:572][  0]LogInit: Initializing Editor Engine...
[2017.10.22-02.30.57:572][  0]LogEngine: Initializing Engine...
[2017.10.22-02.30.57:585][  0]LogMaterial: Missing cached shader map for material RemoveSurfaceMaterial, compiling. 
[2017.10.22-02.30.57:600][  0]LogMaterial: Missing cached shader map for material DebugMeshMaterial, compiling. 
[2017.10.22-02.30.57:624][  0]LogMaterial: Missing cached shader map for material M_InvalidLightmapSettings, compiling. 
[2017.10.22-02.30.57:668][  0]LogMaterial: Missing cached shader map for material GizmoMaterial, compiling. 
[2017.10.22-02.30.57:682][  0]LogMaterial: Missing cached shader map for material PhAT_JointLimitMaterial, compiling. 
[2017.10.22-02.30.57:805][  0]LogStats: UGameplayTagsManager::ConstructGameplayTagTree: Construct from data asset -  0.000 s
[2017.10.22-02.30.57:805][  0]LogStats: UGameplayTagsManager::ConstructGameplayTagTree: GameplayTagTreeChangedEvent.Broadcast -  0.000 s
[2017.10.22-02.30.57:974][  0]LogAIModule: Creating AISystem for world Untitled
[2017.10.22-02.30.58:085][  0]LogDerivedDataCache: Saved boot cache 0.11s 93MB C:/Users/death/AppData/Local/UnrealEngine/4.17/DerivedDataCache/Boot.ddc.
[2017.10.22-02.30.58:104][  0]LogInit: Texture streaming: Disabled
[2017.10.22-02.30.58:442][  0]LogInit: Initializing Editor Engine Completed
[2017.10.22-02.30.58:443][  0]LogGameplayTags: Display: UGameplayTagsManager::DoneAddingNativeTags. DelegateIsBound: 0
[2017.10.22-02.30.59:581][  0]LinterCommandlet: Display: Linter is indeed running!
[2017.10.22-02.30.59:582][  0]LinterCommandlet: Display: Loading the asset registry...
[2017.10.22-02.30.59:772][  0]LinterCommandlet: Display: Finished loading the asset registry. Loading assets...
[2017.10.22-02.30.59:883][  0]LinterCommandlet: Display: Loaded '/Game/Game/Modules/Common/Mannequin/Animations/ABP_ThirdPerson.ABP_ThirdPerson'...
[2017.10.22-02.30.59:883][  0]LinterCommandlet: Display: Loaded '/Game/Game/Modules/Common/Mannequin/Animations/A_ThirdPersonIdle.A_ThirdPersonIdle'...
[2017.10.22-02.30.59:890][  0]LinterCommandlet: Display: Loaded '/Game/Game/Modules/Common/Mannequin/Animations/A_ThirdPersonJump_End.A_ThirdPersonJump_End'...
[2017.10.22-02.30.59:890][  0]LinterCommandlet: Display: Loaded '/Game/Game/Modules/Common/Mannequin/Animations/A_ThirdPersonJump_Loop.A_ThirdPersonJump_Loop'...
[2017.10.22-02.30.59:890][  0]LinterCommandlet: Display: Loaded '/Game/Game/Modules/Common/Mannequin/Animations/A_ThirdPersonJump_Start.A_ThirdPersonJump_Start'...
[2017.10.22-02.30.59:890][  0]LinterCommandlet: Display: Loaded '/Game/Game/Modules/Common/Mannequin/Animations/A_ThirdPersonRun.A_ThirdPersonRun'...
[2017.10.22-02.30.59:890][  0]LinterCommandlet: Display: Loaded '/Game/Game/Modules/Common/Mannequin/Animations/A_ThirdPersonWalk.A_ThirdPersonWalk'...
[2017.10.22-02.30.59:891][  0]LinterCommandlet: Display: Loaded '/Game/Game/Modules/Common/Mannequin/Animations/A_ThirdPerson_Jump.A_ThirdPerson_Jump'...
[2017.10.22-02.30.59:891][  0]LinterCommandlet: Display: Loaded '/Game/Game/Modules/Common/Mannequin/Animations/BS_ThirdPerson_IdleRun_2D.BS_ThirdPerson_IdleRun_2D'...
[2017.10.22-02.31.00:034][  0]LogMaterial: Missing cached shader map for material M_UE4Man_Body, compiling. 
[2017.10.22-02.31.00:151][  0]LogMaterial: Missing cached shader map for material M_UE4Man_Body, compiling. 
[2017.10.22-02.31.00:250][  0]LinterCommandlet: Display: Loaded '/Game/Game/Modules/Common/Mannequin/Character/MI_UE4Man_ChestLogo.MI_UE4Man_ChestLogo'...
[2017.10.22-02.31.00:250][  0]LinterCommandlet: Display: Loaded '/Game/Game/Modules/Common/Mannequin/Character/M_UE4Man_Body.M_UE4Man_Body'...
[2017.10.22-02.31.00:256][  0]LinterCommandlet: Display: Loaded '/Game/Game/Modules/Common/Mannequin/Character/PHYS_Mannequin.PHYS_Mannequin'...
[2017.10.22-02.31.00:256][  0]LinterCommandlet: Display: Loaded '/Game/Game/Modules/Common/Mannequin/Character/SKEL_UE4Mannequin.SKEL_UE4Mannequin'...
[2017.10.22-02.31.00:287][  0]LinterCommandlet: Display: Loaded '/Game/Game/Modules/Common/Mannequin/Character/SK_Mannequin.SK_Mannequin'...
[2017.10.22-02.31.00:287][  0]LinterCommandlet: Display: Loaded '/Game/Game/Modules/Common/Mannequin/Character/T_UE4LogoCard.T_UE4LogoCard'...
[2017.10.22-02.31.00:287][  0]LinterCommandlet: Display: Loaded '/Game/Game/Modules/Common/Mannequin/Character/T_UE4ManLogo_N.T_UE4ManLogo_N'...
[2017.10.22-02.31.00:287][  0]LinterCommandlet: Display: Loaded '/Game/Game/Modules/Common/Mannequin/Character/T_UE4Mannequin_MASKA.T_UE4Mannequin_MASKA'...
[2017.10.22-02.31.00:288][  0]LinterCommandlet: Display: Loaded '/Game/Game/Modules/Common/Mannequin/Character/T_UE4Mannequin_N.T_UE4Mannequin_N'...
[2017.10.22-02.31.00:288][  0]LinterCommandlet: Display: Loaded '/Game/Game/Modules/Common/Mannequin/Character/MaterialLayers/MF_GlossyBlack_Latex_UE4.MF_GlossyBlack_Latex_UE4'...
[2017.10.22-02.31.00:288][  0]LinterCommandlet: Display: Loaded '/Game/Game/Modules/Common/Mannequin/Character/MaterialLayers/MF_Plastic_Shiny_Beige.MF_Plastic_Shiny_Beige'...
[2017.10.22-02.31.00:289][  0]LinterCommandlet: Display: Loaded '/Game/Game/Modules/Common/Mannequin/Character/MaterialLayers/MF_Plastic_Shiny_Beige_LOGO.MF_Plastic_Shiny_Beige_LOGO'...
[2017.10.22-02.31.00:289][  0]LinterCommandlet: Display: Loaded '/Game/Game/Modules/Common/Mannequin/Character/MaterialLayers/MF_SoftMetal_UE4.MF_SoftMetal_UE4'...
[2017.10.22-02.31.00:290][  0]LinterCommandlet: Display: Loaded '/Game/Game/Modules/Common/Mannequin/Character/MaterialLayers/T_MF_Aluminum01.T_MF_Aluminum01'...
[2017.10.22-02.31.00:290][  0]LinterCommandlet: Display: Loaded '/Game/Game/Modules/Common/Mannequin/Character/MaterialLayers/T_MF_Aluminum01_N.T_MF_Aluminum01_N'...
[2017.10.22-02.31.00:290][  0]LinterCommandlet: Display: Loaded '/Game/Game/Modules/Common/Mannequin/Character/MaterialLayers/T_MF_Rubber_Blue_01_D.T_MF_Rubber_Blue_01_D'...
[2017.10.22-02.31.00:291][  0]LinterCommandlet: Display: Loaded '/Game/Game/Modules/Common/Mannequin/Character/MaterialLayers/T_MF_Rubber_Blue_01_N.T_MF_Rubber_Blue_01_N'...
[2017.10.22-02.31.00:296][  0]LogMaterial: Missing cached shader map for material M_Cube, compiling. 
[2017.10.22-02.31.00:331][  0]LinterCommandlet: Display: Loaded '/Game/Game/Modules/Common/SM/M_Cube.M_Cube'...
[2017.10.22-02.31.00:338][  0]LinterCommandlet: Display: Loaded '/Game/Game/Modules/Common/SM/SM_1MCube.SM_1MCube'...
[2017.10.22-02.31.00:338][  0]LogStaticMesh: [SM_1MCube, LOD 0] light map UVs OK
[2017.10.22-02.31.00:345][  0]LinterCommandlet: Display: Loaded '/Game/Game/Modules/Common/SM/SM_1MCube_Chamfer.SM_1MCube_Chamfer'...
[2017.10.22-02.31.00:346][  0]LogStaticMesh: [SM_1MCube_Chamfer, LOD 0] light map UVs OK
[2017.10.22-02.31.00:353][  0]LinterCommandlet: Display: Loaded '/Game/Game/Modules/Common/SM/SM_Bump.SM_Bump'...
[2017.10.22-02.31.00:353][  0]LogStaticMesh: [SM_Bump, LOD 0] light map UVs OK
[2017.10.22-02.31.00:361][  0]LinterCommandlet: Display: Loaded '/Game/Game/Modules/Common/SM/SM_LeftArm.SM_LeftArm'...
[2017.10.22-02.31.00:361][  0]LogStaticMesh: [SM_LeftArm, LOD 0] light map UVs OK
[2017.10.22-02.31.00:368][  0]LinterCommandlet: Display: Loaded '/Game/Game/Modules/Common/SM/SM_Linear_Stair.SM_Linear_Stair'...
[2017.10.22-02.31.00:369][  0]LogStaticMesh: [SM_Linear_Stair, LOD 0] light map UVs OK
[2017.10.22-02.31.00:375][  0]LinterCommandlet: Display: Loaded '/Game/Game/Modules/Common/SM/SM_Ramp.SM_Ramp'...
[2017.10.22-02.31.00:375][  0]LogStaticMesh: [SM_Ramp, LOD 0] light map UVs OK
[2017.10.22-02.31.00:382][  0]LinterCommandlet: Display: Loaded '/Game/Game/Modules/Common/SM/SM_RightArm.SM_RightArm'...
[2017.10.22-02.31.00:382][  0]LogStaticMesh: [SM_RightArm, LOD 0] light map UVs OK
[2017.10.22-02.31.00:388][  0]LinterCommandlet: Display: Loaded '/Game/Game/Modules/Common/SM/SM_TemplateFloor.SM_TemplateFloor'...
[2017.10.22-02.31.00:389][  0]LogStaticMesh: [SM_TemplateFloor, LOD 0] light map UVs OK
[2017.10.22-02.31.00:393][  0]LinterCommandlet: Display: Loaded '/Game/Game/Modules/Common/ThirdPersonBP/TBP_ThirdPersonOverview.TBP_ThirdPersonOverview'...
[2017.10.22-02.31.00:430][  0]LinterCommandlet: Display: Loaded '/Game/Game/Modules/Common/ThirdPersonBP/Blueprints/BP_ThirdPersonCharacter.BP_ThirdPersonCharacter'...
[2017.10.22-02.31.00:442][  0]LinterCommandlet: Display: Loaded '/Game/Game/Modules/Common/ThirdPersonBP/Blueprints/BP_ThirdPersonGameMode.BP_ThirdPersonGameMode'...
[2017.10.22-02.31.00:443][  0]LinterCommandlet: Warning: '/Game/Game/Modules/Common/ThirdPersonBP/Blueprints/ThirdPersonCharacter.ThirdPersonCharacter' is a redirector, skipping.
[2017.10.22-02.31.00:443][  0]LinterCommandlet: Warning: '/Game/Game/Modules/Common/ThirdPersonBP/Blueprints/ThirdPersonCharacter.ThirdPersonCharacter_C' is a redirector, skipping.
[2017.10.22-02.31.00:612][  0]LogMaterial: Missing cached shader map for material M_Sky_Panning_Clouds2, compiling. 
[2017.10.22-02.31.00:654][  0]LinterCommandlet: Display: Loaded '/Game/Game/Modules/Common/ThirdPersonBP/Maps/ThirdPersonMap.ThirdPersonMap'...
[2017.10.22-02.31.00:667][  0]Cmd: MAP CHECK
[2017.10.22-02.31.00:668][  0]MapCheck: New page: ThirdPersonMap - Oct 21, 2017, 4:31:00 PM
[2017.10.22-02.31.00:669][  0]MapCheck: Warning: ThirdPersonCharacter_167 Static mesh actor has NULL StaticMesh property 
[2017.10.22-02.31.00:763][  0]MapCheck: Map check complete: 0 Error(s), 1 Warning(s), took 95.52ms to complete.
[2017.10.22-02.31.00:766][  0]LogLinter: Error: ThirdPersonMap - FAILED - Level should not have any map warnings or errors. Please open this level and address them. You can force a map check by running the console command 'map check' in the editor. See http://ue4.style/#6.1
[2017.10.22-02.31.00:766][  0]LinterCommandlet: Display: Loaded '/Game/Game/Modules/Common/ThirdPersonBP/Maps/ThirdPersonMap_BuiltData.ThirdPersonMap_BuiltData'...
[2017.10.22-02.31.00:834][  0]LinterCommandlet: Display: Loaded '/Game/Game/Modules/SnippetExampleFolder/Maps/SnippetMapExample.SnippetMapExample'...
[2017.10.22-02.31.00:839][  0]Cmd: MAP CHECK
[2017.10.22-02.31.00:839][  0]MapCheck: New page: SnippetMapExample - Oct 21, 2017, 4:31:00 PM
[2017.10.22-02.31.00:840][  0]MapCheck: Warning: ThirdPersonCharacter_167 Static mesh actor has NULL StaticMesh property 
[2017.10.22-02.31.00:940][  0]MapCheck: Map check complete: 0 Error(s), 1 Warning(s), took 100.678ms to complete.
[2017.10.22-02.31.00:941][  0]LogLinter: Error: SnippetMapExample - FAILED - Level should not have any map warnings or errors. Please open this level and address them. You can force a map check by running the console command 'map check' in the editor. See http://ue4.style/#6.1
[2017.10.22-02.31.00:941][  0]LinterCommandlet: Display: Loaded '/Game/Game/Modules/SnippetExampleFolder/Maps/SnippetMapExample_BuiltData.SnippetMapExample_BuiltData'...
[2017.10.22-02.31.00:957][  0]LogWindows: LaunchURL ../../../../../../paraleyeswc/SnippetProjects/SnippetTemplate/SnippetTemplate/Saved/LintReports/2017.10.21-21.31.00.html
[2017.10.22-02.31.00:964][  0]LinterCommandlet: Display: Saved Lint Report to '../../../../../../paraleyeswc/SnippetProjects/SnippetTemplate/SnippetTemplate/Saved/LintReports/2017.10.21-21.31.00.html'
[2017.10.22-02.31.00:966][  0]LogInit: Display: 
[2017.10.22-02.31.00:967][  0]LogInit: Display: Warning/Error Summary (Unique only)
[2017.10.22-02.31.00:968][  0]LogInit: Display: -----------------------------------
[2017.10.22-02.31.00:968][  0]LogInit: Display: LogOutputDevice: Error: === Handled ensure: ===
[2017.10.22-02.31.00:968][  0]LogInit: Display: LogOutputDevice: Error: 
[2017.10.22-02.31.00:969][  0]LogInit: Display: LogOutputDevice: Error: Ensure condition failed: !IsRunningGame() [File:D:\Build\++UE4+Release-4.17+Compile\Sync\Engine\Source\Editor\MainFrame\Private\MainFrameModule.cpp] [Line: 486]
[2017.10.22-02.31.00:969][  0]LogInit: Display: LogOutputDevice: Error: The MainFrame module should only be loaded when running the editor.  Code that extends the editor, adds menu items, etc... should not run when running in -game mode or in a non-WITH_EDITOR build
[2017.10.22-02.31.00:970][  0]LogInit: Display: LogOutputDevice: Error: Stack: 
[2017.10.22-02.31.00:970][  0]LogInit: Display: LogOutputDevice: Error: UE4Editor-Core.dll!0x00000000DF983E36
[2017.10.22-02.31.00:970][  0]LogInit: Display: LogOutputDevice: Error: UE4Editor-Core.dll!0x00000000DF70C2D2
[2017.10.22-02.31.00:971][  0]LogInit: Display: LogOutputDevice: Error: UE4Editor-Core.dll!0x00000000DF724746
[2017.10.22-02.31.00:971][  0]LogInit: Display: LogOutputDevice: Error: UE4Editor-MainFrame.dll!0x00000000C90019D8
[2017.10.22-02.31.00:972][  0]LogInit: Display: LogOutputDevice: Error: UE4Editor-Core.dll!0x00000000DF7F6944
[2017.10.22-02.31.00:972][  0]LogInit: Display: LogOutputDevice: Error: UE4Editor-Core.dll!0x00000000DF7F5BE3
[2017.10.22-02.31.00:973][  0]LogInit: Display: LogOutputDevice: Error: UE4Editor-Core.dll!0x00000000DF7F5D57
[2017.10.22-02.31.00:975][  0]LogInit: Display: LogOutputDevice: Error: UE4Editor-PluginBrowser.dll!0x00000000C86F6120
[2017.10.22-02.31.00:978][  0]LogInit: Display: LogOutputDevice: Error: UE4Editor-Projects.dll!0x000000000C67D3CD
[2017.10.22-02.31.00:978][  0]LogInit: Display: LogOutputDevice: Error: UE4Editor-Projects.dll!0x000000000C68E91B
[2017.10.22-02.31.00:979][  0]LogInit: Display: LogOutputDevice: Error: UE4Editor-Projects.dll!0x000000000C67CF4B
[2017.10.22-02.31.00:979][  0]LogInit: Display: LogOutputDevice: Error: UE4Editor.exe!0x000000000B8B64CA
[2017.10.22-02.31.00:979][  0]LogInit: Display: LogOutputDevice: Error: UE4Editor.exe!0x000000000B8BA7BD
[2017.10.22-02.31.00:980][  0]LogInit: Display: LogOutputDevice: Error: UE4Editor.exe!0x000000000B8B379A
[2017.10.22-02.31.00:981][  0]LogInit: Display: LogOutputDevice: Error: UE4Editor.exe!0x000000000B8B39EA
[2017.10.22-02.31.00:982][  0]LogInit: Display: LogOutputDevice: Error: UE4Editor.exe!0x000000000B8C02D9
[2017.10.22-02.31.00:983][  0]LogInit: Display: LogOutputDevice: Error: UE4Editor.exe!0x000000000B8C1C47
[2017.10.22-02.31.00:983][  0]LogInit: Display: LogOutputDevice: Error: KERNEL32.DLL!0x000000001FF52774
[2017.10.22-02.31.00:984][  0]LogInit: Display: LogOutputDevice: Error: ntdll.dll!0x00000000210B0D51
[2017.10.22-02.31.00:984][  0]LogInit: Display: LogLinter: Error: ThirdPersonMap - FAILED - Level should not have any map warnings or errors. Please open this level and address them. You can force a map check by running the console command 'map check' in the editor. See http://ue4.style/#6.1
[2017.10.22-02.31.00:984][  0]LogInit: Display: LogLinter: Error: SnippetMapExample - FAILED - Level should not have any map warnings or errors. Please open this level and address them. You can force a map check by running the console command 'map check' in the editor. See http://ue4.style/#6.1
[2017.10.22-02.31.00:985][  0]LogInit: Display: LinterCommandlet: Warning: '/Game/Game/Modules/Common/ThirdPersonBP/Blueprints/ThirdPersonCharacter.ThirdPersonCharacter' is a redirector, skipping.
[2017.10.22-02.31.00:985][  0]LogInit: Display: LinterCommandlet: Warning: '/Game/Game/Modules/Common/ThirdPersonBP/Blueprints/ThirdPersonCharacter.ThirdPersonCharacter_C' is a redirector, skipping.
[2017.10.22-02.31.00:986][  0]LogInit: Display: MapCheck: Warning: ThirdPersonCharacter_167 Static mesh actor has NULL StaticMesh property 
[2017.10.22-02.31.00:990][  0]LogInit: Display: 
[2017.10.22-02.31.00:990][  0]LogInit: Display: Failure - 28 error(s), 4 warning(s)
[2017.10.22-02.31.00:991][  0]LogInit: Display: 
Execution of commandlet took:  1.41 seconds
[2017.10.22-02.31.00:991][  0]LogExit: Preparing to exit.
[2017.10.22-02.31.01:066][  0]LogExit: Editor shut down
[2017.10.22-02.31.01:093][  0]LogDirectoryWatcher: A directory notification for '../../../Engine/Content/' was aborted.
[2017.10.22-02.31.01:093][  0]LogDirectoryWatcher: A directory notification for '../../../../../../paraleyeswc/SnippetProjects/SnippetTemplate/SnippetTemplate/Content/' was aborted.
[2017.10.22-02.31.01:093][  0]LogDirectoryWatcher: A directory notification for '../../../Engine/Plugins/2D/Paper2D/Content/' was aborted.
[2017.10.22-02.31.01:093][  0]LogDirectoryWatcher: A directory notification for '../../../Engine/Plugins/Runtime/Oculus/OculusVR/Content/' was aborted.
[2017.10.22-02.31.01:093][  0]LogDirectoryWatcher: A directory notification for '../../../Engine/Plugins/Runtime/Steam/SteamVR/Content/' was aborted.
[2017.10.22-02.31.01:160][  0]LogExit: Object subsystem successfully closed.
[2017.10.22-02.31.01:179][  0]LogModuleManager: Shutting down and abandoning module MatineeToLevelSequence (328)
[2017.10.22-02.31.01:179][  0]LogModuleManager: Shutting down and abandoning module LevelSequenceEditor (326)
[2017.10.22-02.31.01:179][  0]LogModuleManager: Shutting down and abandoning module PlacementMode (325)
[2017.10.22-02.31.01:180][  0]LogModuleManager: Shutting down and abandoning module WmfMediaEditor (322)
[2017.10.22-02.31.01:180][  0]LogModuleManager: Shutting down and abandoning module AvfMediaEditor (320)
[2017.10.22-02.31.01:180][  0]LogModuleManager: Shutting down and abandoning module AndroidMediaEditor (318)
[2017.10.22-02.31.01:180][  0]LogModuleManager: Shutting down and abandoning module CharacterAI (316)
[2017.10.22-02.31.01:180][  0]LogModuleManager: Shutting down and abandoning module AudioCapture (314)
[2017.10.22-02.31.01:180][  0]LogModuleManager: Shutting down and abandoning module SequenceRecorder (313)
[2017.10.22-02.31.01:180][  0]LogModuleManager: Shutting down and abandoning module LevelEditor (312)
[2017.10.22-02.31.01:181][  0]LogModuleManager: Shutting down and abandoning module PixelInspectorModule (311)
[2017.10.22-02.31.01:181][  0]LogModuleManager: Shutting down and abandoning module Persona (308)
[2017.10.22-02.31.01:181][  0]LogModuleManager: Shutting down and abandoning module AdvancedPreviewScene (307)
[2017.10.22-02.31.01:181][  0]LogModuleManager: Shutting down and abandoning module AnimGraph (305)
[2017.10.22-02.31.01:181][  0]LogModuleManager: Shutting down and abandoning module SmartSnapping (300)
[2017.10.22-02.31.01:181][  0]LogModuleManager: Shutting down and abandoning module MovieSceneTracks (298)
[2017.10.22-02.31.01:181][  0]LogModuleManager: Shutting down and abandoning module MovieScene (296)
[2017.10.22-02.31.01:181][  0]LogModuleManager: Shutting down and abandoning module Niagara (294)
[2017.10.22-02.31.01:182][  0]LogModuleManager: Shutting down and abandoning module NiagaraEditor (293)
[2017.10.22-02.31.01:182][  0]LogModuleManager: Shutting down and abandoning module StreamingPauseRendering (290)
[2017.10.22-02.31.01:182][  0]LogModuleManager: Shutting down and abandoning module AIModule (288)
[2017.10.22-02.31.01:182][  0]LogModuleManager: Shutting down and abandoning module GameplayDebugger (287)
[2017.10.22-02.31.01:182][  0]LogModuleManager: Shutting down and abandoning module AITestSuite (285)
[2017.10.22-02.31.01:182][  0]LogModuleManager: Shutting down and abandoning module SteamVRController (282)
[2017.10.22-02.31.01:182][  0]LogModuleManager: Shutting down and abandoning module ProceduralMeshComponentEditor (280)
[2017.10.22-02.31.01:182][  0]LogModuleManager: Shutting down and abandoning module ProceduralMeshComponent (278)
[2017.10.22-02.31.01:182][  0]LogModuleManager: Shutting down and abandoning module OculusInput (276)
[2017.10.22-02.31.01:182][  0]LogModuleManager: Shutting down and abandoning module MobilePatchingUtils (274)
[2017.10.22-02.31.01:182][  0]LogModuleManager: Shutting down and abandoning module CustomMeshComponent (272)
[2017.10.22-02.31.01:182][  0]LogModuleManager: Shutting down and abandoning module CableComponent (270)
[2017.10.22-02.31.01:182][  0]LogModuleManager: Shutting down and abandoning module ArchVisCharacter (268)
[2017.10.22-02.31.01:182][  0]LogModuleManager: Shutting down and abandoning module AndroidPermission (266)
[2017.10.22-02.31.01:182][  0]LogModuleManager: Shutting down and abandoning module MediaPlayerEditor (262)
[2017.10.22-02.31.01:182][  0]LogModuleManager: Shutting down and abandoning module Linter (260)
[2017.10.22-02.31.01:183][  0]LogModuleManager: Shutting down and abandoning module HTML5Networking (258)
[2017.10.22-02.31.01:183][  0]LogModuleManager: Shutting down and abandoning module AlembicImporter (256)
[2017.10.22-02.31.01:183][  0]LogModuleManager: Shutting down and abandoning module AlembicLibrary (255)
[2017.10.22-02.31.01:183][  0]LogModuleManager: Shutting down and abandoning module GeometryCache (254)
[2017.10.22-02.31.01:183][  0]LogModuleManager: Shutting down and abandoning module GeometryCacheEd (253)
[2017.10.22-02.31.01:183][  0]LogModuleManager: Shutting down and abandoning module SpeedTreeImporter (248)
[2017.10.22-02.31.01:183][  0]LogModuleManager: Shutting down and abandoning module PluginBrowser (246)
[2017.10.22-02.31.01:183][  0]LogModuleManager: Shutting down and abandoning module MainFrame (245)
[2017.10.22-02.31.01:183][  0]LogModuleManager: Shutting down and abandoning module MobileLauncherProfileWizard (242)
[2017.10.22-02.31.01:183][  0]LogModuleManager: Shutting down and abandoning module VisualStudioSourceCodeAccess (240)
[2017.10.22-02.31.01:183][  0]LogModuleManager: Shutting down and abandoning module DesktopPlatform (239)
[2017.10.22-02.31.01:183][  0]LogModuleManager: Shutting down and abandoning module HotReload (237)
[2017.10.22-02.31.01:184][  0]LogModuleManager: Shutting down and abandoning module UObjectPlugin (234)
[2017.10.22-02.31.01:184][  0]LogModuleManager: Shutting down and abandoning module SubversionSourceControl (232)
[2017.10.22-02.31.01:184][  0]LogModuleManager: Shutting down and abandoning module PerforceSourceControl (230)
[2017.10.22-02.31.01:184][  0]LogModuleManager: Shutting down and abandoning module GitSourceControl (228)
[2017.10.22-02.31.01:184][  0]LogModuleManager: Shutting down and abandoning module SourceControl (227)
[2017.10.22-02.31.01:184][  0]LogModuleManager: Shutting down and abandoning module LightPropagationVolumeEditor (224)
[2017.10.22-02.31.01:184][  0]LogModuleManager: Shutting down and abandoning module PaperTiledImporter (222)
[2017.10.22-02.31.01:184][  0]LogModuleManager: Shutting down and abandoning module PaperSpriteSheetImporter (220)
[2017.10.22-02.31.01:185][  0]LogModuleManager: Shutting down and abandoning module Paper2DEditor (218)
[2017.10.22-02.31.01:185][  0]LogModuleManager: Shutting down and abandoning module MeshPaint (217)
[2017.10.22-02.31.01:185][  0]LogModuleManager: Shutting down and abandoning module RuntimePhysXCooking (214)
[2017.10.22-02.31.01:185][  0]LogModuleManager: Shutting down and abandoning module PhysXVehiclesEditor (212)
[2017.10.22-02.31.01:185][  0]LogModuleManager: Shutting down and abandoning module PhysXVehicles (210)
[2017.10.22-02.31.01:185][  0]LogModuleManager: Shutting down and abandoning module OculusEditor (208)
[2017.10.22-02.31.01:185][  0]LogModuleManager: Shutting down and abandoning module LocationServicesBPLibrary (206)
[2017.10.22-02.31.01:185][  0]LogModuleManager: Shutting down and abandoning module ImmediatePhysicsEditor (204)
[2017.10.22-02.31.01:185][  0]LogModuleManager: Shutting down and abandoning module ImmediatePhysics (202)
[2017.10.22-02.31.01:185][  0]LogModuleManager: Shutting down and abandoning module UdpMessaging (200)
[2017.10.22-02.31.01:185][  0]LogModuleManager: Shutting down and abandoning module TcpMessaging (198)
[2017.10.22-02.31.01:185][  0]LogModuleManager: Shutting down and abandoning module GameplayTagsEditor (196)
[2017.10.22-02.31.01:185][  0]LogModuleManager: Shutting down and abandoning module FacialAnimationEditor (194)
[2017.10.22-02.31.01:185][  0]LogModuleManager: Shutting down and abandoning module FacialAnimation (192)
[2017.10.22-02.31.01:185][  0]LogModuleManager: Shutting down and abandoning module AssetManagerEditor (190)
[2017.10.22-02.31.01:185][  0]LogModuleManager: Shutting down and abandoning module LightPropagationVolumeRuntime (188)
[2017.10.22-02.31.01:185][  0]LogModuleManager: Shutting down and abandoning module Paper2D (186)
[2017.10.22-02.31.01:185][  0]LogModuleManager: Shutting down and abandoning module PacketHandler (184)
[2017.10.22-02.31.01:185][  0]LogModuleManager: Shutting down and abandoning module ClothingSystemEditor (182)
[2017.10.22-02.31.01:185][  0]LogModuleManager: Shutting down and abandoning module ClothingSystemRuntime (180)
[2017.10.22-02.31.01:185][  0]LogModuleManager: Shutting down and abandoning module Overlay (178)
[2017.10.22-02.31.01:185][  0]LogModuleManager: Shutting down and abandoning module OverlayEditor (177)
[2017.10.22-02.31.01:185][  0]LogModuleManager: Shutting down and abandoning module MediaAssets (174)
[2017.10.22-02.31.01:185][  0]LogModuleManager: Shutting down and abandoning module Blutility (172)
[2017.10.22-02.31.01:185][  0]LogModuleManager: Shutting down and abandoning module IntroTutorials (170)
[2017.10.22-02.31.01:185][  0]LogModuleManager: Shutting down and abandoning module VREditor (168)
[2017.10.22-02.31.01:185][  0]LogModuleManager: Shutting down and abandoning module StringTableEditor (166)
[2017.10.22-02.31.01:185][  0]LogModuleManager: Shutting down and abandoning module GameplayTasksEditor (164)
[2017.10.22-02.31.01:185][  0]LogModuleManager: Shutting down and abandoning module BehaviorTreeEditor (162)
[2017.10.22-02.31.01:185][  0]LogModuleManager: Shutting down and abandoning module FunctionalTesting (160)
[2017.10.22-02.31.01:185][  0]LogModuleManager: Shutting down and abandoning module CollisionAnalyzer (158)
[2017.10.22-02.31.01:186][  0]LogModuleManager: Shutting down and abandoning module WorkspaceMenuStructure (157)
[2017.10.22-02.31.01:186][  0]LogModuleManager: Shutting down and abandoning module UMG (154)
[2017.10.22-02.31.01:186][  0]LogModuleManager: Shutting down and abandoning module UMGEditor (153)
[2017.10.22-02.31.01:186][  0]LogModuleManager: Shutting down and abandoning module Sequencer (152)
[2017.10.22-02.31.01:186][  0]LogModuleManager: Shutting down and abandoning module MessageLog (149)
[2017.10.22-02.31.01:186][  0]LogModuleManager: Shutting down and abandoning module SlateReflector (144)
[2017.10.22-02.31.01:186][  0]LogModuleManager: Shutting down and abandoning module Slate (142)
[2017.10.22-02.31.01:186][  0]LogModuleManager: Shutting down and abandoning module EditorStyle (140)
[2017.10.22-02.31.01:189][  0]LogModuleManager: Shutting down and abandoning module MRMesh (138)
[2017.10.22-02.31.01:189][  0]LogModuleManager: Shutting down and abandoning module Messaging (136)
[2017.10.22-02.31.01:189][  0]LogModuleManager: Shutting down and abandoning module SourceCodeAccess (134)
[2017.10.22-02.31.01:189][  0]LogModuleManager: Shutting down and abandoning module HeadMountedDisplay (132)
[2017.10.22-02.31.01:189][  0]LogModuleManager: Shutting down and abandoning module XAudio2 (130)
[2017.10.22-02.31.01:189][  0]LogModuleManager: Shutting down and abandoning module Networking (128)
[2017.10.22-02.31.01:189][  0]LogModuleManager: Shutting down and abandoning module Core (124)
[2017.10.22-02.31.01:189][  0]LogModuleManager: Shutting down and abandoning module KismetCompiler (120)
[2017.10.22-02.31.01:189][  0]LogModuleManager: Shutting down and abandoning module LevelSequence (118)
[2017.10.22-02.31.01:189][  0]LogModuleManager: Shutting down and abandoning module MeshUtilities (116)
[2017.10.22-02.31.01:189][  0]LogModuleManager: Shutting down and abandoning module MeshMergeUtilities (115)
[2017.10.22-02.31.01:189][  0]LogModuleManager: Shutting down and abandoning module MeshReductionInterface (114)
[2017.10.22-02.31.01:189][  0]LogModuleManager: Shutting down and abandoning module SimplygonSwarm (113)
[2017.10.22-02.31.01:189][  0]LogModuleManager: Shutting down and abandoning module SimplygonMeshReduction (111)
[2017.10.22-02.31.01:189][  0]LogModuleManager: Shutting down and abandoning module QuadricMeshReduction (109)
[2017.10.22-02.31.01:189][  0]LogModuleManager: Shutting down and abandoning module MaterialBaking (105)
[2017.10.22-02.31.01:189][  0]LogModuleManager: Shutting down and abandoning module DirectoryWatcher (102)
[2017.10.22-02.31.01:189][  0]LogModuleManager: Shutting down and abandoning module DerivedDataCache (100)
[2017.10.22-02.31.01:335][  0]LogDerivedDataCache: Shutdown
[2017.10.22-02.31.01:335][  0]LogModuleManager: Shutting down and abandoning module TargetPlatform (98)
[2017.10.22-02.31.01:335][  0]LogModuleManager: Shutting down and abandoning module VulkanShaderFormat (97)
[2017.10.22-02.31.01:335][  0]LogModuleManager: Shutting down and abandoning module ShaderFormatVectorVM (95)
[2017.10.22-02.31.01:335][  0]LogModuleManager: Shutting down and abandoning module ShaderFormatOpenGL (93)
[2017.10.22-02.31.01:335][  0]LogModuleManager: Shutting down and abandoning module ShaderFormatD3D (91)
[2017.10.22-02.31.01:335][  0]LogModuleManager: Shutting down and abandoning module MetalShaderFormat (89)
[2017.10.22-02.31.01:335][  0]LogModuleManager: Shutting down and abandoning module TextureFormatUncompressed (87)
[2017.10.22-02.31.01:335][  0]LogModuleManager: Shutting down and abandoning module TextureFormatPVR (85)
[2017.10.22-02.31.01:335][  0]LogModuleManager: Shutting down and abandoning module TextureFormatDXT (83)
[2017.10.22-02.31.01:335][  0]LogModuleManager: Shutting down and abandoning module TextureFormatIntelISPCTexComp (81)
[2017.10.22-02.31.01:335][  0]LogModuleManager: Shutting down and abandoning module TextureFormatASTC (79)
[2017.10.22-02.31.01:335][  0]LogModuleManager: Shutting down and abandoning module ImageWrapper (78)
[2017.10.22-02.31.01:335][  0]LogModuleManager: Shutting down and abandoning module TextureFormatAndroid (75)
[2017.10.22-02.31.01:335][  0]LogModuleManager: Shutting down and abandoning module AudioFormatOpus (73)
[2017.10.22-02.31.01:335][  0]LogModuleManager: Shutting down and abandoning module AudioFormatOgg (71)
[2017.10.22-02.31.01:335][  0]LogModuleManager: Shutting down and abandoning module AudioFormatADPCM (69)
[2017.10.22-02.31.01:335][  0]LogModuleManager: Shutting down and abandoning module WindowsTargetPlatform (67)
[2017.10.22-02.31.01:335][  0]LogModuleManager: Shutting down and abandoning module WindowsServerTargetPlatform (65)
[2017.10.22-02.31.01:335][  0]LogModuleManager: Shutting down and abandoning module WindowsNoEditorTargetPlatform (63)
[2017.10.22-02.31.01:335][  0]LogModuleManager: Shutting down and abandoning module WindowsClientTargetPlatform (61)
[2017.10.22-02.31.01:335][  0]LogModuleManager: Shutting down and abandoning module NullDrv (58)
[2017.10.22-02.31.01:335][  0]LogModuleManager: Shutting down and abandoning module PhysXCooking (56)
[2017.10.22-02.31.01:335][  0]LogModuleManager: Shutting down and abandoning module ExampleDeviceProfileSelector (54)
[2017.10.22-02.31.01:335][  0]LogModuleManager: Shutting down and abandoning module SteamVR (52)
[2017.10.22-02.31.01:335][  0]LogModuleManager: Shutting down and abandoning module OculusHMD (50)
[2017.10.22-02.31.01:335][  0]LogModuleManager: Shutting down and abandoning module OnlineBlueprintSupport (48)
[2017.10.22-02.31.01:335][  0]LogModuleManager: Shutting down and abandoning module OnlineSubsystem (44)
[2017.10.22-02.31.01:335][  0]LogOnline: Display: Unloading online subsystem: NULL
[2017.10.22-02.31.01:335][  0]LogModuleManager: Shutting down and abandoning module XMPP (43)
[2017.10.22-02.31.01:335][  0]LogModuleManager: Shutting down and abandoning module HTTP (41)
[2017.10.22-02.31.01:358][  0]LogModuleManager: Shutting down and abandoning module SSL (40)
[2017.10.22-02.31.01:360][  0]LogModuleManager: Shutting down and abandoning module AnimationModifiers (36)
[2017.10.22-02.31.01:360][  0]LogModuleManager: Shutting down and abandoning module PropertyEditor (35)
[2017.10.22-02.31.01:360][  0]LogModuleManager: Shutting down and abandoning module AudioEditor (32)
[2017.10.22-02.31.01:360][  0]LogModuleManager: Shutting down and abandoning module TextureCompressor (30)
[2017.10.22-02.31.01:360][  0]LogModuleManager: Shutting down and abandoning module ShaderCore (28)
[2017.10.22-02.31.01:360][  0]LogModuleManager: Shutting down and abandoning module Landscape (26)
[2017.10.22-02.31.01:360][  0]LogModuleManager: Shutting down and abandoning module SlateRHIRenderer (24)
[2017.10.22-02.31.01:360][  0]LogModuleManager: Shutting down and abandoning module OpenGLDrv (22)
[2017.10.22-02.31.01:360][  0]LogModuleManager: Shutting down and abandoning module D3D11RHI (20)
[2017.10.22-02.31.01:360][  0]LogModuleManager: Shutting down and abandoning module AnimGraphRuntime (18)
[2017.10.22-02.31.01:360][  0]LogModuleManager: Shutting down and abandoning module Renderer (16)
[2017.10.22-02.31.01:360][  0]LogModuleManager: Shutting down and abandoning module Engine (14)
[2017.10.22-02.31.01:360][  0]LogModuleManager: Shutting down and abandoning module CoreUObject (12)
[2017.10.22-02.31.01:360][  0]LogModuleManager: Shutting down and abandoning module NetworkFile (10)
[2017.10.22-02.31.01:360][  0]LogModuleManager: Shutting down and abandoning module CookedIterativeFile (8)
[2017.10.22-02.31.01:360][  0]LogModuleManager: Shutting down and abandoning module StreamingFile (6)
[2017.10.22-02.31.01:360][  0]LogModuleManager: Shutting down and abandoning module SandboxFile (4)
[2017.10.22-02.31.01:360][  0]LogModuleManager: Shutting down and abandoning module PakFile (2)
[2017.10.22-02.31.01:362][  0]LogExit: Exiting.
[2017.10.22-02.31.01:371][  0]Log file closed, 10/21/17 21:31:01
