Log file open, 10/21/17 20:28:55
LogWindows: Failed to load 'aqProf.dll' (GetLastError=126)
LogWindows: File 'aqProf.dll' does not exist
LogWindows: Failed to load 'VtuneApi.dll' (GetLastError=126)
LogWindows: File 'VtuneApi.dll' does not exist
LogWindows: Failed to load 'VtuneApi32e.dll' (GetLastError=126)
LogWindows: File 'VtuneApi32e.dll' does not exist
LogInit: Display: Running engine for game: TriggerableLight
LogPlatformFile: Not using cached read wrapper
LogInit: Display: RandInit(-1425436985) SRandInit(-1425436985).
LogTaskGraph: Started task graph with 5 named threads and 14 total threads with 3 sets of task threads.
LogStats: Stats thread started at 0.165950
LogD3D11RHI: Aftermath initialized
LogPluginManager: Mounting plugin Paper2D
LogPluginManager: Mounting plugin LightPropagationVolume
LogPluginManager: Mounting plugin CodeLiteSourceCodeAccess
LogPluginManager: Mounting plugin GitSourceControl
LogPluginManager: Mounting plugin KDevelopSourceCodeAccess
LogPluginManager: Mounting plugin NullSourceCodeAccess
LogPluginManager: Mounting plugin PerforceSourceControl
LogPluginManager: Mounting plugin SubversionSourceControl
LogPluginManager: Mounting plugin UObjectPlugin
LogPluginManager: Mounting plugin VisualStudioSourceCodeAccess
LogPluginManager: Mounting plugin XCodeSourceCodeAccess
LogPluginManager: Mounting plugin AssetManagerEditor
LogPluginManager: Mounting plugin AudioCapture
LogPluginManager: Mounting plugin FacialAnimation
LogPluginManager: Mounting plugin GameplayTagsEditor
LogPluginManager: Mounting plugin MobileLauncherProfileWizard
LogPluginManager: Mounting plugin PluginBrowser
LogPluginManager: Mounting plugin SpeedTreeImporter
LogPluginManager: Mounting plugin AlembicImporter
LogPluginManager: Mounting plugin CharacterAI
LogPluginManager: Mounting plugin HTML5Networking
LogPluginManager: Mounting plugin AndroidMedia
LogPluginManager: Mounting plugin AvfMedia
LogPluginManager: Mounting plugin MediaPlayerEditor
LogPluginManager: Mounting plugin WmfMedia
LogPluginManager: Mounting plugin TcpMessaging
LogPluginManager: Mounting plugin UdpMessaging
LogPluginManager: Mounting plugin LevelSequenceEditor
LogPluginManager: Mounting plugin MatineeToLevelSequence
LogPluginManager: Mounting plugin OnlineSubsystemGooglePlay
LogPluginManager: Mounting plugin OnlineSubsystemIOS
LogPluginManager: Mounting plugin OnlineSubsystem
LogPluginManager: Mounting plugin OnlineSubsystemNull
LogPluginManager: Mounting plugin OnlineSubsystemUtils
LogPluginManager: Mounting plugin AndroidDeviceProfileSelector
LogPluginManager: Mounting plugin AndroidMoviePlayer
LogPluginManager: Mounting plugin AndroidPermission
LogPluginManager: Mounting plugin AppleMoviePlayer
LogPluginManager: Mounting plugin ArchVisCharacter
LogPluginManager: Mounting plugin CableComponent
LogPluginManager: Mounting plugin CustomMeshComponent
LogPluginManager: Mounting plugin ExampleDeviceProfileSelector
LogPluginManager: Mounting plugin GoogleCloudMessaging
LogPluginManager: Mounting plugin ImmediatePhysics
LogPluginManager: Mounting plugin IOSDeviceProfileSelector
LogPluginManager: Mounting plugin LinuxDeviceProfileSelector
LogPluginManager: Mounting plugin LocationServicesBPLibrary
LogPluginManager: Mounting plugin MobilePatchingUtils
LogPluginManager: Mounting plugin OculusVR
LogPluginManager: Mounting plugin PhysXVehicles
LogPluginManager: Mounting plugin ProceduralMeshComponent
LogPluginManager: Mounting plugin RuntimePhysXCooking
LogPluginManager: Mounting plugin SteamVR
LogPluginManager: Mounting plugin WindowsMoviePlayer
LogInit: Using libcurl 7.47.1
LogInit:  - built for x86_64-pc-win32
LogInit:  - supports SSL with OpenSSL/1.0.2g
LogInit:  - supports HTTP deflate (compression) using libz 1.2.8
LogInit:  - other features:
LogInit:      CURL_VERSION_SSL
LogInit:      CURL_VERSION_LIBZ
LogInit:      CURL_VERSION_IPV6
LogInit:      CURL_VERSION_ASYNCHDNS
LogInit:      CURL_VERSION_LARGEFILE
LogInit:      CURL_VERSION_IDN
LogInit:  CurlRequestOptions (configurable via config and command line):
LogInit:  - bVerifyPeer = false  - Libcurl will NOT verify peer certificate
LogInit:  - bUseHttpProxy = false  - Libcurl will NOT use HTTP proxy
LogInit:  - bDontReuseConnections = false  - Libcurl will reuse connections
LogInit:  - CertBundlePath = nullptr  - Libcurl will use whatever was configured at build time.
LogInit: Build: ++UE4+Release-4.17-CL-3658906
LogInit: Engine Version: 4.17.2-3658906+++UE4+Release-4.17
LogInit: Compatible Engine Version: 4.17.0-3573198+++UE4+Release-4.17
LogInit: Net CL: 3573198
LogDevObjectVersion: Number of dev versions registered: 16
LogDevObjectVersion:   Dev-Blueprints (B0D832E4-1F89-4F0D-ACCF-7EB736FD4AA2): 10
LogDevObjectVersion:   Dev-Build (E1C64328-A22C-4D53-A36C-8E866417BD8C): 0
LogDevObjectVersion:   Dev-Core (375EC13C-06E4-48FB-B500-84F0262A717E): 2
LogDevObjectVersion:   Dev-Editor (E4B068ED-F494-42E9-A231-DA0B2E46BB41): 20
LogDevObjectVersion:   Dev-Framework (CFFC743F-43B0-4480-9391-14DF171D2073): 28
LogDevObjectVersion:   Dev-Mobile (B02B49B5-BB20-44E9-A304-32B752E40360): 0
LogDevObjectVersion:   Dev-Networking (A4E4105C-59A1-49B5-A7C5-40C4547EDFEE): 0
LogDevObjectVersion:   Dev-Online (39C831C9-5AE6-47DC-9A44-9C173E1C8E7C): 0
LogDevObjectVersion:   Dev-Physics (78F01B33-EBEA-4F98-B9B4-84EACCB95AA2): 0
LogDevObjectVersion:   Dev-Platform (6631380F-2D4D-43E0-8009-CF276956A95A): 0
LogDevObjectVersion:   Dev-Rendering (12F88B9F-8875-4AFC-A67C-D90C383ABD29): 19
LogDevObjectVersion:   Dev-Sequencer (7B5AE74C-D270-4C10-A958-57980B212A5A): 4
LogDevObjectVersion:   Dev-VR (D7296918-1DD6-4BDD-9DE2-64A83CC13884): 0
LogDevObjectVersion:   Dev-LoadTimes (C2A15278-BFE7-4AFE-6C17-90FF531DF755): 1
LogDevObjectVersion:   Private-Geometry (6EACA3D4-40EC-4CC1-B786-8BED09428FC5): 1
LogDevObjectVersion:   Dev-AnimPhys (29E575DD-E0A3-4627-9D10-D276232CDCEA): 7
LogInit: Compiled (64-bit): Sep 22 2017 13:47:16
LogInit: Compiled with Visual C++: 19.00.24215.01
LogInit: Build Configuration: Development
LogInit: Branch Name: ++UE4+Release-4.17
LogInit: Command line:  
LogInit: Base directory: A:/Game Design/UE4/Epic Games/UE_4.17/Engine/Binaries/Win64/
LogInit: Installed Engine Build: 1
LogInit: Presizing for max 8388607 objects, including 0 objects not considered by GC, pre-allocating 0 bytes for permanent pool.
LogInit: Object subsystem initialized
[2017.10.22-01.28.55:843][  0]LogInit: Selected Device Profile: [Windows]
[2017.10.22-01.28.55:843][  0]LogInit: Applying CVar settings loaded from the selected device profile: [Windows]
[2017.10.22-01.28.55:853][  0]LogInit: Computer: DESKTOP-N53GCT6
[2017.10.22-01.28.55:853][  0]LogInit: User: death
[2017.10.22-01.28.55:853][  0]LogInit: CPU Page size=4096, Cores=4
[2017.10.22-01.28.55:853][  0]LogInit: High frequency timer resolution =3.906249 MHz
[2017.10.22-01.28.55:853][  0]LogMemory: Memory total: Physical=31.9GB (32GB approx)
[2017.10.22-01.28.55:853][  0]LogMemory: Platform Memory Stats for Windows
[2017.10.22-01.28.55:853][  0]LogMemory: Process Physical Memory: 278.07 MB used, 278.07 MB peak
[2017.10.22-01.28.55:853][  0]LogMemory: Process Virtual Memory: 274.57 MB used, 274.57 MB peak
[2017.10.22-01.28.55:853][  0]LogMemory: Physical Memory: 9710.75 MB used,  23005.93 MB free, 32716.68 MB total
[2017.10.22-01.28.55:853][  0]LogMemory: Virtual Memory: 655.13 MB used,  23005.93 MB free, 134217728.00 MB total
[2017.10.22-01.28.55:964][  0]LogInit: Using OS detected language (en-US).
[2017.10.22-01.28.55:964][  0]LogInit: Using OS detected locale (en-US).
[2017.10.22-01.28.55:969][  0]LogTextLocalizationManager: No specific localization for 'en-US' exists, so the 'en' localization will be used.
[2017.10.22-01.28.56:846][  0]LogD3D11RHI: D3D11 adapters:
[2017.10.22-01.28.56:889][  0]LogD3D11RHI:    0. 'NVIDIA GeForce GTX 1070' (Feature Level 11_0)
[2017.10.22-01.28.56:889][  0]LogD3D11RHI:       8096/0/16358 MB DedicatedVideo/DedicatedSystem/SharedSystem, Outputs:2, VendorId:0x10de
[2017.10.22-01.28.56:926][  0]LogD3D11RHI:    1. 'NVIDIA GeForce GTX 660 Ti' (Feature Level 11_0)
[2017.10.22-01.28.56:926][  0]LogD3D11RHI:       2015/0/16358 MB DedicatedVideo/DedicatedSystem/SharedSystem, Outputs:0, VendorId:0x10de
[2017.10.22-01.28.56:927][  0]LogD3D11RHI:    2. 'Microsoft Basic Render Driver' (Feature Level 11_0)
[2017.10.22-01.28.56:927][  0]LogD3D11RHI:       0/0/16358 MB DedicatedVideo/DedicatedSystem/SharedSystem, Outputs:0, VendorId:0x1414
[2017.10.22-01.28.56:927][  0]LogD3D11RHI: Chosen D3D11 Adapter: 0
[2017.10.22-01.28.56:934][  0]LogD3D11RHI: Creating new Direct3DDevice
[2017.10.22-01.28.56:934][  0]LogD3D11RHI:     GPU DeviceId: 0x1b81 (for the marketing name, search the web for "GPU Device Id")
[2017.10.22-01.28.56:934][  0]LogWindows: EnumDisplayDevices:
[2017.10.22-01.28.56:934][  0]LogWindows:    0. 'NVIDIA GeForce GTX 1070' (P:0 D:1)
[2017.10.22-01.28.56:934][  0]LogWindows:    1. 'NVIDIA GeForce GTX 1070' (P:1 D:1)
[2017.10.22-01.28.56:934][  0]LogWindows:    2. 'NVIDIA GeForce GTX 1070' (P:0 D:0)
[2017.10.22-01.28.56:934][  0]LogWindows:    3. 'NVIDIA GeForce GTX 1070' (P:0 D:0)
[2017.10.22-01.28.56:934][  0]LogWindows:    4. 'NVIDIA GeForce GTX 660 Ti' (P:0 D:0)
[2017.10.22-01.28.56:935][  0]LogWindows:    5. 'NVIDIA GeForce GTX 660 Ti' (P:0 D:0)
[2017.10.22-01.28.56:935][  0]LogWindows:    6. 'NVIDIA GeForce GTX 660 Ti' (P:0 D:0)
[2017.10.22-01.28.56:935][  0]LogWindows:    7. 'NVIDIA GeForce GTX 660 Ti' (P:0 D:0)
[2017.10.22-01.28.56:935][  0]LogWindows: DebugString: PrimaryIsNotTheChoosenAdapter PrimaryIsNotTheChoosenAdapter PrimaryIsNotTheChoosenAdapter PrimaryIsNotTheChoosenAdapter FoundDriverCount:4 
[2017.10.22-01.28.56:935][  0]LogD3D11RHI:     Adapter Name: NVIDIA GeForce GTX 1070
[2017.10.22-01.28.56:935][  0]LogD3D11RHI:   Driver Version: 387.92 (internal:23.21.13.8792, unified:387.92)
[2017.10.22-01.28.56:935][  0]LogD3D11RHI:      Driver Date: 10-6-2017
[2017.10.22-01.28.56:935][  0]LogRHI: Texture pool is 1361 MB (70% of 1945 MB)
[2017.10.22-01.28.56:958][  0]LogD3D11RHI: Async texture creation enabled
[2017.10.22-01.28.56:991][  0]LogD3D11RHI: GPU Timing Frequency: 1000.000000 (Debug: 2 2)
[2017.10.22-01.28.57:035][  0]LogShaderCompilers: Guid format shader working directory is -33 characters bigger than the processId version (../../../../../../paraleyeswc/SnippetProjects/TriggerableLight/TriggerableLight/Intermediate/Shaders/WorkingDirectory/3468/).
[2017.10.22-01.28.57:035][  0]LogShaderCompilers: Cleaned the shader compiler working directory 'C:/Users/death/AppData/Local/Temp/UnrealShaderWorkingDir/67CC4077410EF64399BD638E08068E8E/'.
[2017.10.22-01.28.57:035][  0]LogShaderCompilers: Display: Using Local Shader Compiler.
[2017.10.22-01.28.57:834][  0]LogTemp: Display: Loaded TP AllDesktopTargetPlatform
[2017.10.22-01.28.57:879][  0]LogTemp: Display: Loaded TP MacClientTargetPlatform
[2017.10.22-01.28.57:925][  0]LogTemp: Display: Loaded TP MacNoEditorTargetPlatform
[2017.10.22-01.28.57:970][  0]LogTemp: Display: Loaded TP MacServerTargetPlatform
[2017.10.22-01.28.58:016][  0]LogTemp: Display: Loaded TP MacTargetPlatform
[2017.10.22-01.28.58:062][  0]LogTemp: Display: Loaded TP WindowsClientTargetPlatform
[2017.10.22-01.28.58:106][  0]LogTemp: Display: Loaded TP WindowsNoEditorTargetPlatform
[2017.10.22-01.28.58:152][  0]LogTemp: Display: Loaded TP WindowsServerTargetPlatform
[2017.10.22-01.28.58:191][  0]LogTemp: Display: Loaded TP WindowsTargetPlatform
[2017.10.22-01.28.58:235][  0]LogTemp: Display: Loaded TP AndroidTargetPlatform
[2017.10.22-01.28.58:279][  0]LogTemp: Display: Loaded TP Android_ASTCTargetPlatform
[2017.10.22-01.28.58:324][  0]LogTemp: Display: Loaded TP Android_ATCTargetPlatform
[2017.10.22-01.28.58:367][  0]LogTemp: Display: Loaded TP Android_DXTTargetPlatform
[2017.10.22-01.28.58:411][  0]LogTemp: Display: Loaded TP Android_ETC1TargetPlatform
[2017.10.22-01.28.58:455][  0]LogTemp: Display: Loaded TP Android_ETC2TargetPlatform
[2017.10.22-01.28.58:542][  0]LogTemp: Display: Loaded TP Android_MultiTargetPlatform
[2017.10.22-01.28.58:542][  0]LogTemp: Display: Loaded TP Android_PVRTCTargetPlatform
[2017.10.22-01.28.58:577][  0]LogTemp: Display: Loaded TP HTML5TargetPlatform
[2017.10.22-01.28.58:657][  0]LogTemp: Display: Loaded TP IOSTargetPlatform
[2017.10.22-01.28.58:679][  0]LogTemp: Display: Loaded TP TVOSTargetPlatform
[2017.10.22-01.28.58:724][  0]LogTemp: Display: Loaded TP LinuxClientTargetPlatform
[2017.10.22-01.28.58:768][  0]LogTemp: Display: Loaded TP LinuxNoEditorTargetPlatform
[2017.10.22-01.28.58:814][  0]LogTemp: Display: Loaded TP LinuxServerTargetPlatform
[2017.10.22-01.28.58:858][  0]LogTemp: Display: Loaded TP LinuxTargetPlatform
[2017.10.22-01.28.58:858][  0]LogTargetPlatformManager: Display: Building Assets For Windows
[2017.10.22-01.28.59:230][  0]LogDerivedDataCache: Display: Max Cache Size: 512 MB
[2017.10.22-01.28.59:319][  0]LogDerivedDataCache: Loaded boot cache 0.09s 93MB C:/Users/death/AppData/Local/UnrealEngine/4.17/DerivedDataCache/Boot.ddc.
[2017.10.22-01.28.59:319][  0]LogDerivedDataCache: Display: Loaded Boot cache: C:/Users/death/AppData/Local/UnrealEngine/4.17/DerivedDataCache/Boot.ddc
[2017.10.22-01.28.59:319][  0]LogDerivedDataCache: FDerivedDataBackendGraph:  Pak pak cache file ../../../../../../paraleyeswc/SnippetProjects/TriggerableLight/TriggerableLight/DerivedDataCache/DDC.ddp not found, will not use a pak cache.
[2017.10.22-01.28.59:319][  0]LogDerivedDataCache: Unable to find inner node Pak for hierarchical cache Hierarchy.
[2017.10.22-01.28.59:319][  0]LogDerivedDataCache: FDerivedDataBackendGraph:  CompressedPak pak cache file ../../../../../../paraleyeswc/SnippetProjects/TriggerableLight/TriggerableLight/DerivedDataCache/Compressed.ddp not found, will not use a pak cache.
[2017.10.22-01.28.59:319][  0]LogDerivedDataCache: Unable to find inner node CompressedPak for hierarchical cache Hierarchy.
[2017.10.22-01.28.59:333][  0]LogDerivedDataCache: Display: Pak cache opened for reading ../../../Engine/DerivedDataCache/Compressed.ddp.
[2017.10.22-01.28.59:346][  0]LogDerivedDataCache: Using Local data cache path C:/Users/death/AppData/Local/UnrealEngine/Common/DerivedDataCache: Writable
[2017.10.22-01.28.59:357][  0]LogMaterial: Verifying Global Shaders for PCD3D_SM5
[2017.10.22-01.28.59:358][  0]LogSlate: Using Freetype 2.6.0
[2017.10.22-01.28.59:359][  0]LogSlate: SlateFontCache - WITH_FREETYPE: 1, WITH_HARFBUZZ: 1
[2017.10.22-01.28.59:359][  0]LogSlate: SlateFontCache - WITH_FREETYPE: 1, WITH_HARFBUZZ: 1
[2017.10.22-01.28.59:642][  0]LogAssetRegistry: FAssetRegistry took 0.0249 seconds to start up
[2017.10.22-01.28.59:740][  0]LogInit: Selected Device Profile: [Windows]
[2017.10.22-01.28.59:888][  0]LogContentStreaming: Texture pool size is 0.00 MB
[2017.10.22-01.29.00:137][  0]LogSimplygon: Simplygon DLL not present - disabling.
[2017.10.22-01.29.00:172][  0]LogMeshReduction: Using SimplygonSwarm for distributed automatic mesh merging
[2017.10.22-01.29.00:172][  0]LogMeshReduction: Using QuadricMeshReduction for automatic static mesh reduction
[2017.10.22-01.29.00:172][  0]LogMeshReduction: No automatic skeletal mesh reduction module available
[2017.10.22-01.29.00:172][  0]LogMeshReduction: No automatic mesh merging module available
[2017.10.22-01.29.00:172][  0]LogMeshMerging: No automatic mesh merging module available
[2017.10.22-01.29.00:499][  0]LogNetVersion: TriggerableLight , NetCL: 3573198, EngineNetVer: 2, GameNetVer: 0 (Checksum: 3039032352)
[2017.10.22-01.29.00:692][  0]LogPackageLocalizationCache: Processed 5 localized package path(s) for 2 prioritized culture(s) in 0.051375 seconds
[2017.10.22-01.29.00:698][  0]LogUObjectArray: 35825 objects as part of root set at end of initial load.
[2017.10.22-01.29.00:698][  0]LogUObjectAllocator: 7529112 out of 0 bytes used by permanent object pool.
[2017.10.22-01.29.00:698][  0]LogUObjectArray: CloseDisregardForGC: 0/0 objects in disregard for GC pool
[2017.10.22-01.29.00:735][  0]LogInit: WinSock: version 1.1 (2.2), MaxSocks=32767, MaxUdp=65467
[2017.10.22-01.29.03:222][  0]LogTcpMessaging: Initializing TcpMessaging bridge
[2017.10.22-01.29.03:259][  0]LogUdpMessaging: Initializing bridge on interface 0.0.0.0:0 to multicast group 230.0.0.1:6666.
[2017.10.22-01.29.03:891][  0]LogMaterial: Uniform references updated for custom material expression Custom.
[2017.10.22-01.29.04:258][  0]SourceControl: Source control is disabled
[2017.10.22-01.29.04:258][  0]SourceControl: Source control is disabled
[2017.10.22-01.29.04:305][  0]SourceControl: Source control is disabled
[2017.10.22-01.29.04:352][  0]SourceControl: Source control is disabled
[2017.10.22-01.29.04:949][  0]LogAndroidPermission: UAndroidPermissionCallbackProxy::GetInstance
[2017.10.22-01.29.05:186][  0]LogOcInput: OculusInput pre-init called
[2017.10.22-01.29.05:458][  0]LogEngine: Initializing Engine...
[2017.10.22-01.29.05:461][  0]LogHMD: Failed to initialize OpenVR with code 110
[2017.10.22-01.29.05:694][  0]LogStats: UGameplayTagsManager::ConstructGameplayTagTree: Construct from data asset -  0.000 s
[2017.10.22-01.29.05:694][  0]LogStats: UGameplayTagsManager::ConstructGameplayTagTree: GameplayTagTreeChangedEvent.Broadcast -  0.000 s
[2017.10.22-01.29.05:808][  0]LogAIModule: Creating AISystem for world Untitled
[2017.10.22-01.29.05:818][  0]LogInit: XAudio2 using 'Speakers (High Definition Audio Device)' : 2 channels at 48 kHz using 16 bits per sample (channel mask 0x3)
[2017.10.22-01.29.05:826][  0]LogInit: FAudioDevice initialized.
[2017.10.22-01.29.05:913][  0]LogDerivedDataCache: Saved boot cache 0.09s 93MB C:/Users/death/AppData/Local/UnrealEngine/4.17/DerivedDataCache/Boot.ddc.
[2017.10.22-01.29.05:919][  0]LogInit: Texture streaming: Enabled
[2017.10.22-01.29.05:990][  0]LogEngineSessionManager: EngineSessionManager initialized
[2017.10.22-01.29.06:218][  0]LogInit: Transaction tracking system initialized
[2017.10.22-01.29.06:497][  0]BlueprintLog: New page: Editor Load
[2017.10.22-01.29.07:308][  0]LocalizationService: Localization service is disabled
[2017.10.22-01.29.07:924][  0]LogConsoleResponse: Display: 
[2017.10.22-01.29.08:086][  0]LogCook: Display: Max memory allowance for cook 16384mb min free memory 0mb
[2017.10.22-01.29.08:086][  0]LogCook: Display: Mobile HDR setting 1
[2017.10.22-01.29.08:086][  0]LogGameplayTags: Display: UGameplayTagsManager::DoneAddingNativeTags. DelegateIsBound: 0
[2017.10.22-01.29.08:455][  0]LogFileCache: Scanning file cache for directory 'A:/Game Design/paraleyeswc/SnippetProjects/TriggerableLight/TriggerableLight/Content/' took 0.01s
[2017.10.22-01.29.09:020][  0]SourceControl: Source control is disabled
[2017.10.22-01.29.09:021][  0]LightingResults: New page: Lighting Build
[2017.10.22-01.29.09:056][  0]MapCheck: New page: Map Check
[2017.10.22-01.29.09:056][  0]LightingResults: New page: Lighting Build
[2017.10.22-01.29.09:420][  0]LogAIModule: Creating AISystem for world ThirdPersonExampleMap
[2017.10.22-01.29.09:429][  0]LogEditorServer: Finished looking for orphan Actors (0.000 secs)
[2017.10.22-01.29.09:447][  0]Cmd: MAP CHECKDEP NOCLEARLOG
[2017.10.22-01.29.09:535][  0]MapCheck: Map check complete: 0 Error(s), 0 Warning(s), took 88.28ms to complete.
[2017.10.22-01.29.09:535][  0]LogFileHelpers: Loading map 'ThirdPersonExampleMap' took 0.516
[2017.10.22-01.29.09:673][  0]LogWindowsTextInputMethodSystem: Display: IME system now deactivated.
[2017.10.22-01.29.09:896][  0]LogCollectionManager: Loaded 0 collections in 0.001419 seconds
[2017.10.22-01.29.10:036][  0]LogFileCache: Scanning file cache for directory 'A:/Game Design/paraleyeswc/SnippetProjects/TriggerableLight/TriggerableLight/Saved/Collections/' took 0.01s
[2017.10.22-01.29.10:036][  0]LogFileCache: Scanning file cache for directory 'A:/Game Design/paraleyeswc/SnippetProjects/TriggerableLight/TriggerableLight/Content/Developers/death/Collections/' took 0.01s
[2017.10.22-01.29.10:037][  0]LogFileCache: Scanning file cache for directory 'A:/Game Design/paraleyeswc/SnippetProjects/TriggerableLight/TriggerableLight/Content/Collections/' took 0.01s
[2017.10.22-01.29.10:037][  0]LogCollectionManager: Rebuilt the GUID cache for 0 collections in 0.000000 seconds
[2017.10.22-01.29.10:045][  0]LogContentBrowser: Native class hierarchy populated in 0.0082 seconds. Added 2389 classes and 505 folders.
[2017.10.22-01.29.10:097][  0]LogContentBrowser: Native class hierarchy updated for 'WidgetCarousel' in 0.0008 seconds. Added 0 classes and 0 folders.
[2017.10.22-01.29.10:168][  0]LogContentBrowser: Native class hierarchy updated for 'AddContentDialog' in 0.0008 seconds. Added 0 classes and 0 folders.
[2017.10.22-01.29.10:292][  0]LogSlate: Took 0.000301 seconds to synchronously load lazily loaded font '../../../Engine/Content/Slate/Fonts/Roboto-Regular.ttf' (155K)
[2017.10.22-01.29.11:521][  0]LogTemp: Executing iPhonePackager certificates Engine -bundlename com.YourCompany.TriggerableLight
[2017.10.22-01.29.11:521][  0]LogTemp: CWD: A:\Game Design\UE4\Epic Games\UE_4.17\Engine\Binaries\DotNET\IOS
[2017.10.22-01.29.11:521][  0]LogTemp: Initial Dir: A:\Game Design\UE4\Epic Games\UE_4.17
[2017.10.22-01.29.11:521][  0]LogTemp: Env CWD: A:\Game Design\UE4\Epic Games\UE_4.17\Engine\Binaries\DotNET\IOS
[2017.10.22-01.29.11:521][  0]LogTemp: BranchPath = DESKTOP-N53GCT6/A/Game Design/UE4/Epic Games/UE_4.17/Engine/Binaries --- GameBranchPath = DESKTOP-N53GCT6/A/Game Design/UE4/Epic Games/UE_4.17/Engine/Binaries
[2017.10.22-01.29.11:521][  0]LogSlate: Took 0.000419 seconds to synchronously load lazily loaded font '../../../Engine/Content/Slate/Fonts/Roboto-Bold.ttf' (160K)
[2017.10.22-01.29.11:522][  0]LogSlate: Took 0.000387 seconds to synchronously load lazily loaded font '../../../Engine/Content/Editor/Slate/Fonts/FontAwesome.ttf' (139K)
[2017.10.22-01.29.11:614][  0]LogTemp: IPP ERROR: Could not find provision directory 'C:\Users\death\AppData\Local/Apple Computer/MobileDevice/Provisioning Profiles/'.
[2017.10.22-01.29.11:614][  0]LogRenderer: Reallocating scene render targets to support 1280x648 Format 9 NumSamples 1 (Frame:1).
[2017.10.22-01.29.11:791][  0]LogContentBrowser: Native class hierarchy updated for 'HierarchicalLODOutliner' in 0.0008 seconds. Added 1 classes and 2 folders.
[2017.10.22-01.29.11:791][  0]LogLoad: (Engine Initialization) Total time: 17.88 seconds
[2017.10.22-01.29.11:791][  0]LogLoad: (Engine Initialization) Total Blueprint compile time: 0.00 seconds
[2017.10.22-01.29.11:791][  0]LogExternalProfiler: Found external profiler: VSPerf
[2017.10.22-01.29.11:792][  0]LogExternalProfiler: Using external profiler: VSPerf
[2017.10.22-01.29.11:824][  0]LogContentStreaming: Texture pool size now 800 MB
[2017.10.22-01.29.11:864][  1]LogAssetRegistry: Asset discovery search completed in 12.2428 seconds
[2017.10.22-01.29.11:865][  1]LogCollectionManager: Rebuilt the object cache for 0 collections in 0.000001 seconds (found 0 objects)
[2017.10.22-01.29.11:865][  1]LogCollectionManager: Fixed up redirectors for 0 collections in 0.000041 seconds (updated 0 objects)
[2017.10.22-01.29.16:022][480]LogSlate: Took 0.000303 seconds to synchronously load lazily loaded font '../../../Engine/Content/Slate/Fonts/Roboto-Light.ttf' (159K)
[2017.10.22-01.29.16:034][480]LogAIModule: Creating AISystem for world NewWorld
[2017.10.22-01.30.06:302][228]LogSavePackage: Save=11.06ms
[2017.10.22-01.30.06:302][228]LogSavePackage: Moving '../../../../../../paraleyeswc/SnippetProjects/TriggerableLight/TriggerableLight/Saved/RampMaterialF67C12CE46A2D2E4E10FC4BB92634706.tmp' to '../../../../../../paraleyeswc/SnippetProjects/TriggerableLight/TriggerableLight/Content/Game/Modules/Common/Meshes/RampMaterial.uasset'
[2017.10.22-01.30.06:307][228]LogSavePackage: Display: Finished SavePackage ../../../../../../paraleyeswc/SnippetProjects/TriggerableLight/TriggerableLight/Content/Game/Modules/Common/Meshes/RampMaterial.uasset
[2017.10.22-01.30.06:336][228]LogSavePackage: Save=9.41ms
[2017.10.22-01.30.06:336][228]LogSavePackage: Moving '../../../../../../paraleyeswc/SnippetProjects/TriggerableLight/TriggerableLight/Saved/Bump_StaticMesh4A4C0054411A25112B22FBA2A3E06554.tmp' to '../../../../../../paraleyeswc/SnippetProjects/TriggerableLight/TriggerableLight/Content/Game/Modules/Common/Meshes/Bump_StaticMesh.uasset'
[2017.10.22-01.30.06:341][228]LogSavePackage: Display: Finished SavePackage ../../../../../../paraleyeswc/SnippetProjects/TriggerableLight/TriggerableLight/Content/Game/Modules/Common/Meshes/Bump_StaticMesh.uasset
[2017.10.22-01.30.06:354][228]LogSavePackage: Save=1.53ms
[2017.10.22-01.30.06:354][228]LogSavePackage: Moving '../../../../../../paraleyeswc/SnippetProjects/TriggerableLight/TriggerableLight/Saved/Bump_StaticMeshC59C41DE49BE2DC69C2E51BFA4F76753.tmp' to '../../../../../../paraleyeswc/SnippetProjects/TriggerableLight/TriggerableLight/Content/Game/Modules/Common/ThirdPerson/Meshes/Bump_StaticMesh.uasset'
[2017.10.22-01.30.06:359][228]LogSavePackage: Display: Finished SavePackage ../../../../../../paraleyeswc/SnippetProjects/TriggerableLight/TriggerableLight/Content/Game/Modules/Common/ThirdPerson/Meshes/Bump_StaticMesh.uasset
[2017.10.22-01.30.06:388][228]LogSavePackage: Save=9.02ms
[2017.10.22-01.30.06:388][228]LogSavePackage: Moving '../../../../../../paraleyeswc/SnippetProjects/TriggerableLight/TriggerableLight/Saved/LeftArm_StaticMeshD691E87B4E621CB1D1A08486626BA844.tmp' to '../../../../../../paraleyeswc/SnippetProjects/TriggerableLight/TriggerableLight/Content/Game/Modules/Common/Meshes/LeftArm_StaticMesh.uasset'
[2017.10.22-01.30.06:393][228]LogSavePackage: Display: Finished SavePackage ../../../../../../paraleyeswc/SnippetProjects/TriggerableLight/TriggerableLight/Content/Game/Modules/Common/Meshes/LeftArm_StaticMesh.uasset
[2017.10.22-01.30.06:405][228]LogSavePackage: Save=1.39ms
[2017.10.22-01.30.06:405][228]LogSavePackage: Moving '../../../../../../paraleyeswc/SnippetProjects/TriggerableLight/TriggerableLight/Saved/LeftArm_StaticMeshCF96D38C47A8CAB6B84209B810D911D7.tmp' to '../../../../../../paraleyeswc/SnippetProjects/TriggerableLight/TriggerableLight/Content/Game/Modules/Common/ThirdPerson/Meshes/LeftArm_StaticMesh.uasset'
[2017.10.22-01.30.06:410][228]LogSavePackage: Display: Finished SavePackage ../../../../../../paraleyeswc/SnippetProjects/TriggerableLight/TriggerableLight/Content/Game/Modules/Common/ThirdPerson/Meshes/LeftArm_StaticMesh.uasset
[2017.10.22-01.30.06:435][228]LogSavePackage: Save=9.87ms
[2017.10.22-01.30.06:435][228]LogSavePackage: Moving '../../../../../../paraleyeswc/SnippetProjects/TriggerableLight/TriggerableLight/Saved/Linear_Stair_StaticMesh4AE545F74A203AAF1E6FE48CB48C6A04.tmp' to '../../../../../../paraleyeswc/SnippetProjects/TriggerableLight/TriggerableLight/Content/Game/Modules/Common/Meshes/Linear_Stair_StaticMesh.uasset'
[2017.10.22-01.30.06:440][228]LogSavePackage: Display: Finished SavePackage ../../../../../../paraleyeswc/SnippetProjects/TriggerableLight/TriggerableLight/Content/Game/Modules/Common/Meshes/Linear_Stair_StaticMesh.uasset
[2017.10.22-01.30.06:450][228]LogSavePackage: Save=1.74ms
[2017.10.22-01.30.06:450][228]LogSavePackage: Moving '../../../../../../paraleyeswc/SnippetProjects/TriggerableLight/TriggerableLight/Saved/Linear_Stair_StaticMesh6E263AF64BFD6B04318B63B1BAB3ADEF.tmp' to '../../../../../../paraleyeswc/SnippetProjects/TriggerableLight/TriggerableLight/Content/Game/Modules/Common/ThirdPerson/Meshes/Linear_Stair_StaticMesh.uasset'
[2017.10.22-01.30.06:456][228]LogSavePackage: Display: Finished SavePackage ../../../../../../paraleyeswc/SnippetProjects/TriggerableLight/TriggerableLight/Content/Game/Modules/Common/ThirdPerson/Meshes/Linear_Stair_StaticMesh.uasset
[2017.10.22-01.30.06:481][228]LogSavePackage: Save=9.11ms
[2017.10.22-01.30.06:481][228]LogSavePackage: Moving '../../../../../../paraleyeswc/SnippetProjects/TriggerableLight/TriggerableLight/Saved/Ramp_StaticMesh6BDABC2540BC5385C692A792838A247A.tmp' to '../../../../../../paraleyeswc/SnippetProjects/TriggerableLight/TriggerableLight/Content/Game/Modules/Common/Meshes/Ramp_StaticMesh.uasset'
[2017.10.22-01.30.06:487][228]LogSavePackage: Display: Finished SavePackage ../../../../../../paraleyeswc/SnippetProjects/TriggerableLight/TriggerableLight/Content/Game/Modules/Common/Meshes/Ramp_StaticMesh.uasset
[2017.10.22-01.30.06:497][228]LogSavePackage: Save=1.56ms
[2017.10.22-01.30.06:497][228]LogSavePackage: Moving '../../../../../../paraleyeswc/SnippetProjects/TriggerableLight/TriggerableLight/Saved/Ramp_StaticMesh8C7723CC43C6058694FCE19640BF102C.tmp' to '../../../../../../paraleyeswc/SnippetProjects/TriggerableLight/TriggerableLight/Content/Game/Modules/Common/ThirdPerson/Meshes/Ramp_StaticMesh.uasset'
[2017.10.22-01.30.06:502][228]LogSavePackage: Display: Finished SavePackage ../../../../../../paraleyeswc/SnippetProjects/TriggerableLight/TriggerableLight/Content/Game/Modules/Common/ThirdPerson/Meshes/Ramp_StaticMesh.uasset
[2017.10.22-01.30.06:526][228]LogSavePackage: Save=9.32ms
[2017.10.22-01.30.06:526][228]LogSavePackage: Moving '../../../../../../paraleyeswc/SnippetProjects/TriggerableLight/TriggerableLight/Saved/RightArm_StaticMesh61AC955A48602653E694B98C51BBA429.tmp' to '../../../../../../paraleyeswc/SnippetProjects/TriggerableLight/TriggerableLight/Content/Game/Modules/Common/Meshes/RightArm_StaticMesh.uasset'
[2017.10.22-01.30.06:531][228]LogSavePackage: Display: Finished SavePackage ../../../../../../paraleyeswc/SnippetProjects/TriggerableLight/TriggerableLight/Content/Game/Modules/Common/Meshes/RightArm_StaticMesh.uasset
[2017.10.22-01.30.06:540][228]LogSavePackage: Save=1.35ms
[2017.10.22-01.30.06:540][228]LogSavePackage: Moving '../../../../../../paraleyeswc/SnippetProjects/TriggerableLight/TriggerableLight/Saved/RightArm_StaticMeshAC54C90E49940B79CA68E488D0096AE2.tmp' to '../../../../../../paraleyeswc/SnippetProjects/TriggerableLight/TriggerableLight/Content/Game/Modules/Common/ThirdPerson/Meshes/RightArm_StaticMesh.uasset'
[2017.10.22-01.30.06:548][228]LogSavePackage: Display: Finished SavePackage ../../../../../../paraleyeswc/SnippetProjects/TriggerableLight/TriggerableLight/Content/Game/Modules/Common/ThirdPerson/Meshes/RightArm_StaticMesh.uasset
[2017.10.22-01.30.15:565][166]LogSlate: Took 0.000312 seconds to synchronously load lazily loaded font '../../../Engine/Content/Slate/Fonts/Roboto-Light.ttf' (159K)
[2017.10.22-01.30.18:967][296]LogSavePackage: Save=49.53ms
[2017.10.22-01.30.18:967][296]LogSavePackage: Moving '../../../../../../paraleyeswc/SnippetProjects/TriggerableLight/TriggerableLight/Saved/ThirdPersonExampleMap304B3CF44AB3EB0688A928932E4FBBF2.tmp' to '../../../../../../paraleyeswc/SnippetProjects/TriggerableLight/TriggerableLight/Content/Game/Modules/Common/ThirdPersonBP/Maps/ThirdPersonExampleMap.umap'
[2017.10.22-01.30.18:973][296]LogSavePackage: Display: Finished SavePackage ../../../../../../paraleyeswc/SnippetProjects/TriggerableLight/TriggerableLight/Content/Game/Modules/Common/ThirdPersonBP/Maps/ThirdPersonExampleMap.umap
[2017.10.22-01.30.18:990][296]LogFileHelpers: Saving map 'ThirdPersonExampleMap' took 0.210
[2017.10.22-01.30.28:668][419]LogSavePackage: Save=10.20ms
[2017.10.22-01.30.28:668][419]LogSavePackage: Moving '../../../../../../paraleyeswc/SnippetProjects/TriggerableLight/TriggerableLight/Saved/CubeMaterial618CDAB34B138D28F39C92BAB28C5535.tmp' to '../../../../../../paraleyeswc/SnippetProjects/TriggerableLight/TriggerableLight/Content/Game/Modules/Common/Meshes/Meshes/CubeMaterial.uasset'
[2017.10.22-01.30.28:673][419]LogSavePackage: Display: Finished SavePackage ../../../../../../paraleyeswc/SnippetProjects/TriggerableLight/TriggerableLight/Content/Game/Modules/Common/Meshes/Meshes/CubeMaterial.uasset
[2017.10.22-01.30.28:699][419]LogSavePackage: Save=8.96ms
[2017.10.22-01.30.28:699][419]LogSavePackage: Moving '../../../../../../paraleyeswc/SnippetProjects/TriggerableLight/TriggerableLight/Saved/1M_Cube22B8B44B4EE237A092C11C8E282227E5.tmp' to '../../../../../../paraleyeswc/SnippetProjects/TriggerableLight/TriggerableLight/Content/Game/Modules/Common/Meshes/Meshes/1M_Cube.uasset'
[2017.10.22-01.30.28:704][419]LogSavePackage: Display: Finished SavePackage ../../../../../../paraleyeswc/SnippetProjects/TriggerableLight/TriggerableLight/Content/Game/Modules/Common/Meshes/Meshes/1M_Cube.uasset
[2017.10.22-01.30.28:716][419]LogSavePackage: Save=1.74ms
[2017.10.22-01.30.28:716][419]LogSavePackage: Moving '../../../../../../paraleyeswc/SnippetProjects/TriggerableLight/TriggerableLight/Saved/1M_Cube9F15B7E7406EE4892E9C53BFE9D42E57.tmp' to '../../../../../../paraleyeswc/SnippetProjects/TriggerableLight/TriggerableLight/Content/Game/Modules/Common/Geometry/Meshes/1M_Cube.uasset'
[2017.10.22-01.30.28:721][419]LogSavePackage: Display: Finished SavePackage ../../../../../../paraleyeswc/SnippetProjects/TriggerableLight/TriggerableLight/Content/Game/Modules/Common/Geometry/Meshes/1M_Cube.uasset
[2017.10.22-01.30.28:745][419]LogSavePackage: Save=9.58ms
[2017.10.22-01.30.28:745][419]LogSavePackage: Moving '../../../../../../paraleyeswc/SnippetProjects/TriggerableLight/TriggerableLight/Saved/1M_Cube_Chamfer4B14376F43831A08A791269BFE10B6DE.tmp' to '../../../../../../paraleyeswc/SnippetProjects/TriggerableLight/TriggerableLight/Content/Game/Modules/Common/Meshes/Meshes/1M_Cube_Chamfer.uasset'
[2017.10.22-01.30.28:750][419]LogSavePackage: Display: Finished SavePackage ../../../../../../paraleyeswc/SnippetProjects/TriggerableLight/TriggerableLight/Content/Game/Modules/Common/Meshes/Meshes/1M_Cube_Chamfer.uasset
[2017.10.22-01.30.28:759][419]LogSavePackage: Save=1.44ms
[2017.10.22-01.30.28:759][419]LogSavePackage: Moving '../../../../../../paraleyeswc/SnippetProjects/TriggerableLight/TriggerableLight/Saved/1M_Cube_ChamferF50358AC49DE74DB6735E398A2F73116.tmp' to '../../../../../../paraleyeswc/SnippetProjects/TriggerableLight/TriggerableLight/Content/Game/Modules/Common/Geometry/Meshes/1M_Cube_Chamfer.uasset'
[2017.10.22-01.30.28:764][419]LogSavePackage: Display: Finished SavePackage ../../../../../../paraleyeswc/SnippetProjects/TriggerableLight/TriggerableLight/Content/Game/Modules/Common/Geometry/Meshes/1M_Cube_Chamfer.uasset
[2017.10.22-01.30.28:790][419]LogSavePackage: Save=9.23ms
[2017.10.22-01.30.28:790][419]LogSavePackage: Moving '../../../../../../paraleyeswc/SnippetProjects/TriggerableLight/TriggerableLight/Saved/TemplateFloor51B0F52745CB1236ADF61CADF5FEE498.tmp' to '../../../../../../paraleyeswc/SnippetProjects/TriggerableLight/TriggerableLight/Content/Game/Modules/Common/Meshes/Meshes/TemplateFloor.uasset'
[2017.10.22-01.30.28:795][419]LogSavePackage: Display: Finished SavePackage ../../../../../../paraleyeswc/SnippetProjects/TriggerableLight/TriggerableLight/Content/Game/Modules/Common/Meshes/Meshes/TemplateFloor.uasset
[2017.10.22-01.30.28:807][419]LogSavePackage: Save=1.50ms
[2017.10.22-01.30.28:807][419]LogSavePackage: Moving '../../../../../../paraleyeswc/SnippetProjects/TriggerableLight/TriggerableLight/Saved/TemplateFloorC5B0283A4346CA211FF8E1BE4B982577.tmp' to '../../../../../../paraleyeswc/SnippetProjects/TriggerableLight/TriggerableLight/Content/Game/Modules/Common/Geometry/Meshes/TemplateFloor.uasset'
[2017.10.22-01.30.28:812][419]LogSavePackage: Display: Finished SavePackage ../../../../../../paraleyeswc/SnippetProjects/TriggerableLight/TriggerableLight/Content/Game/Modules/Common/Geometry/Meshes/TemplateFloor.uasset
[2017.10.22-01.30.34:060][883]LogSavePackage: Save=50.31ms
[2017.10.22-01.30.34:060][883]LogSavePackage: Moving '../../../../../../paraleyeswc/SnippetProjects/TriggerableLight/TriggerableLight/Saved/ThirdPersonExampleMap8B70C6544002C49786F2BC8F6C756422.tmp' to '../../../../../../paraleyeswc/SnippetProjects/TriggerableLight/TriggerableLight/Content/Game/Modules/Common/ThirdPersonBP/Maps/ThirdPersonExampleMap.umap'
[2017.10.22-01.30.34:066][883]LogSavePackage: Display: Finished SavePackage ../../../../../../paraleyeswc/SnippetProjects/TriggerableLight/TriggerableLight/Content/Game/Modules/Common/ThirdPersonBP/Maps/ThirdPersonExampleMap.umap
[2017.10.22-01.30.34:081][883]LogFileHelpers: Saving map 'ThirdPersonExampleMap' took 0.176
[2017.10.22-01.30.36:246][101]LogAIModule: Creating AISystem for world TriggerableLight
[2017.10.22-01.30.36:613][101]LogSavePackage: Save=202.76ms
[2017.10.22-01.30.36:613][101]LogSavePackage: Moving '../../../../../../paraleyeswc/SnippetProjects/TriggerableLight/TriggerableLight/Saved/TriggerableLight4045C0BE42B21A8681A6E0A22D32F240.tmp' to '../../../../../../paraleyeswc/SnippetProjects/TriggerableLight/TriggerableLight/Content/Game/Modules/TriggerableLight/TriggerableLight.umap'
[2017.10.22-01.30.36:619][101]LogSavePackage: Display: Finished SavePackage ../../../../../../paraleyeswc/SnippetProjects/TriggerableLight/TriggerableLight/Content/Game/Modules/TriggerableLight/TriggerableLight.umap
[2017.10.22-01.30.36:623][101]LogFileHelpers: Saving map 'TriggerableLight' took 0.324
[2017.10.22-01.31.03:758][935]LogSavePackage: Save=148.96ms
[2017.10.22-01.31.03:758][935]LogSavePackage: Moving '../../../../../../paraleyeswc/SnippetProjects/TriggerableLight/TriggerableLight/Saved/TriggerableLight52EAE5BC4D6369E94EB990AE5E40249C.tmp' to '../../../../../../paraleyeswc/SnippetProjects/TriggerableLight/TriggerableLight/Content/Game/Modules/TriggerableLight/TriggerableLight.umap'
[2017.10.22-01.31.03:764][935]LogSavePackage: Display: Finished SavePackage ../../../../../../paraleyeswc/SnippetProjects/TriggerableLight/TriggerableLight/Content/Game/Modules/TriggerableLight/TriggerableLight.umap
[2017.10.22-01.31.03:769][935]LogFileHelpers: Saving map 'TriggerableLight' took 0.264
[2017.10.22-01.32.23:352][303]LogSavePackage: Save=152.17ms
[2017.10.22-01.32.23:352][303]LogSavePackage: Moving '../../../../../../paraleyeswc/SnippetProjects/TriggerableLight/TriggerableLight/Saved/TriggerableLight6A00FF2F42CF8BC993F149849B33FC49.tmp' to '../../../../../../paraleyeswc/SnippetProjects/TriggerableLight/TriggerableLight/Content/Game/Modules/TriggerableLight/TriggerableLight.umap'
[2017.10.22-01.32.23:358][303]LogSavePackage: Display: Finished SavePackage ../../../../../../paraleyeswc/SnippetProjects/TriggerableLight/TriggerableLight/Content/Game/Modules/TriggerableLight/TriggerableLight.umap
[2017.10.22-01.32.23:363][303]LogFileHelpers: Saving map 'TriggerableLight' took 0.279
[2017.10.22-01.32.26:323][502]LogSavePackage: Save=146.73ms
[2017.10.22-01.32.26:323][502]LogSavePackage: Moving '../../../../../../paraleyeswc/SnippetProjects/TriggerableLight/TriggerableLight/Saved/TriggerableLight1C92283446102051A03F0199E9077F7C.tmp' to '../../../../../../paraleyeswc/SnippetProjects/TriggerableLight/TriggerableLight/Content/Game/Modules/TriggerableLight/TriggerableLight.umap'
[2017.10.22-01.32.26:329][502]LogSavePackage: Display: Finished SavePackage ../../../../../../paraleyeswc/SnippetProjects/TriggerableLight/TriggerableLight/Content/Game/Modules/TriggerableLight/TriggerableLight.umap
[2017.10.22-01.32.26:335][502]LogFileHelpers: Saving map 'TriggerableLight' took 0.264
[2017.10.22-01.32.26:410][502]LogWindowsTextInputMethodSystem: Display: IME system now deactivated.
[2017.10.22-01.32.26:773][503]Cmd: QUIT_EDITOR
[2017.10.22-01.32.26:830][503]LogExit: Preparing to exit.
[2017.10.22-01.32.27:481][503]LogDirectoryWatcher: A directory notification for 'A:/Game Design/paraleyeswc/SnippetProjects/TriggerableLight/TriggerableLight/Content/' was aborted.
[2017.10.22-01.32.27:497][503]LogExit: Editor shut down
[2017.10.22-01.32.27:505][503]LogExit: Transaction tracking system shut down
[2017.10.22-01.32.27:653][503]LogDirectoryWatcher: A directory notification for '../../../Engine/Content/' was aborted.
[2017.10.22-01.32.27:653][503]LogDirectoryWatcher: A directory notification for '../../../../../../paraleyeswc/SnippetProjects/TriggerableLight/TriggerableLight/Content/' was aborted.
[2017.10.22-01.32.27:653][503]LogDirectoryWatcher: A directory notification for '../../../Engine/Plugins/2D/Paper2D/Content/' was aborted.
[2017.10.22-01.32.27:653][503]LogDirectoryWatcher: A directory notification for '../../../Engine/Plugins/Runtime/Oculus/OculusVR/Content/' was aborted.
[2017.10.22-01.32.27:653][503]LogDirectoryWatcher: A directory notification for '../../../Engine/Plugins/Runtime/Steam/SteamVR/Content/' was aborted.
[2017.10.22-01.32.27:696][503]LogExit: Object subsystem successfully closed.
[2017.10.22-01.32.27:714][503]LogD3D11RHI: Shutdown
[2017.10.22-01.32.27:714][503]LogD3D11RHI: CleanupD3DDevice
[2017.10.22-01.32.27:774][503]LogD3D11RHI: ~FD3D11DynamicRHI
[2017.10.22-01.32.27:781][503]LogModuleManager: Shutting down and abandoning module HierarchicalLODOutliner (534)
[2017.10.22-01.32.27:781][503]LogModuleManager: Shutting down and abandoning module ExternalImagePicker (532)
[2017.10.22-01.32.27:781][503]LogModuleManager: Shutting down and abandoning module AddContentDialog (530)
[2017.10.22-01.32.27:782][503]LogDirectoryWatcher: A directory notification for 'A:/Game Design/UE4/Epic Games/UE_4.17/FeaturePacks/' was aborted.
[2017.10.22-01.32.27:783][503]LogModuleManager: Shutting down and abandoning module WidgetCarousel (529)
[2017.10.22-01.32.27:783][503]LogModuleManager: Shutting down and abandoning module EditorWidgets (526)
[2017.10.22-01.32.27:783][503]LogModuleManager: Shutting down and abandoning module CollectionManager (524)
[2017.10.22-01.32.27:783][503]LogDirectoryWatcher: A directory notification for 'A:/Game Design/paraleyeswc/SnippetProjects/TriggerableLight/TriggerableLight/Content/Collections/' was aborted.
[2017.10.22-01.32.27:783][503]LogDirectoryWatcher: A directory notification for 'A:/Game Design/paraleyeswc/SnippetProjects/TriggerableLight/TriggerableLight/Content/Developers/death/Collections/' was aborted.
[2017.10.22-01.32.27:783][503]LogDirectoryWatcher: A directory notification for 'A:/Game Design/paraleyeswc/SnippetProjects/TriggerableLight/TriggerableLight/Saved/Collections/' was aborted.
[2017.10.22-01.32.27:783][503]LogModuleManager: Shutting down and abandoning module WorldBrowser (522)
[2017.10.22-01.32.27:783][503]LogModuleManager: Shutting down and abandoning module SceneOutliner (520)
[2017.10.22-01.32.27:783][503]LogModuleManager: Shutting down and abandoning module StatsViewer (518)
[2017.10.22-01.32.27:783][503]LogModuleManager: Shutting down and abandoning module FoliageEdit (516)
[2017.10.22-01.32.27:783][503]LogModuleManager: Shutting down and abandoning module LandscapeEditor (514)
[2017.10.22-01.32.27:783][503]LogModuleManager: Shutting down and abandoning module MeshPaintMode (512)
[2017.10.22-01.32.27:783][503]LogModuleManager: Shutting down and abandoning module SceneDepthPickerMode (510)
[2017.10.22-01.32.27:783][503]LogModuleManager: Shutting down and abandoning module ActorPickerMode (508)
[2017.10.22-01.32.27:783][503]LogModuleManager: Shutting down and abandoning module GeometryMode (506)
[2017.10.22-01.32.27:783][503]LogModuleManager: Shutting down and abandoning module TextureAlignMode (504)
[2017.10.22-01.32.27:783][503]LogModuleManager: Shutting down and abandoning module BspMode (502)
[2017.10.22-01.32.27:783][503]LogModuleManager: Shutting down and abandoning module PIEPreviewDeviceProfileSelector (500)
[2017.10.22-01.32.27:783][503]LogModuleManager: Shutting down and abandoning module HardwareSurvey (498)
[2017.10.22-01.32.27:783][503]LogModuleManager: Shutting down and abandoning module SequenceRecorderSections (496)
[2017.10.22-01.32.27:783][503]LogModuleManager: Shutting down and abandoning module AutomationWorker (494)
[2017.10.22-01.32.27:783][503]LogModuleManager: Shutting down and abandoning module MatineeToLevelSequence (492)
[2017.10.22-01.32.27:783][503]LogModuleManager: Shutting down and abandoning module LevelSequenceEditor (490)
[2017.10.22-01.32.27:783][503]LogModuleManager: Shutting down and abandoning module PlacementMode (489)
[2017.10.22-01.32.27:783][503]LogModuleManager: Shutting down and abandoning module WmfMediaFactory (486)
[2017.10.22-01.32.27:783][503]LogModuleManager: Shutting down and abandoning module WmfMediaEditor (484)
[2017.10.22-01.32.27:783][503]LogModuleManager: Shutting down and abandoning module AvfMediaFactory (482)
[2017.10.22-01.32.27:783][503]LogModuleManager: Shutting down and abandoning module AvfMediaEditor (480)
[2017.10.22-01.32.27:783][503]LogModuleManager: Shutting down and abandoning module AndroidMediaFactory (478)
[2017.10.22-01.32.27:783][503]LogModuleManager: Shutting down and abandoning module Media (477)
[2017.10.22-01.32.27:783][503]LogModuleManager: Shutting down and abandoning module AndroidMediaEditor (474)
[2017.10.22-01.32.27:783][503]LogModuleManager: Shutting down and abandoning module CharacterAI (472)
[2017.10.22-01.32.27:783][503]LogModuleManager: Shutting down and abandoning module AudioCapture (470)
[2017.10.22-01.32.27:783][503]LogModuleManager: Shutting down and abandoning module SequenceRecorder (469)
[2017.10.22-01.32.27:783][503]LogModuleManager: Shutting down and abandoning module SmartSnapping (466)
[2017.10.22-01.32.27:783][503]LogModuleManager: Shutting down and abandoning module SessionServices (464)
[2017.10.22-01.32.27:783][503]LogModuleManager: Shutting down and abandoning module ViewportSnapping (462)
[2017.10.22-01.32.27:783][503]LogModuleManager: Shutting down and abandoning module ViewportInteraction (460)
[2017.10.22-01.32.27:783][503]LogModuleManager: Shutting down and abandoning module ClothPainter (458)
[2017.10.22-01.32.27:783][503]LogModuleManager: Shutting down and abandoning module LogVisualizer (456)
[2017.10.22-01.32.27:783][503]LogModuleManager: Shutting down and abandoning module IntroTutorials (454)
[2017.10.22-01.32.27:784][503]LogModuleManager: Shutting down and abandoning module GameProjectGeneration (453)
[2017.10.22-01.32.27:784][503]LogModuleManager: Shutting down and abandoning module IOSPlatformEditor (450)
[2017.10.22-01.32.27:784][503]LogModuleManager: Shutting down and abandoning module HTML5PlatformEditor (448)
[2017.10.22-01.32.27:784][503]LogModuleManager: Shutting down and abandoning module AndroidPlatformEditor (446)
[2017.10.22-01.32.27:784][503]LogModuleManager: Shutting down and abandoning module AndroidDeviceDetection (445)
[2017.10.22-01.32.28:729][503]LogModuleManager: Shutting down and abandoning module WindowsPlatformEditor (442)
[2017.10.22-01.32.28:729][503]LogModuleManager: Shutting down and abandoning module IOSRuntimeSettings (440)
[2017.10.22-01.32.28:730][503]LogModuleManager: Shutting down and abandoning module AndroidRuntimeSettings (438)
[2017.10.22-01.32.28:730][503]LogModuleManager: Shutting down and abandoning module InputBindingEditor (436)
[2017.10.22-01.32.28:730][503]LogModuleManager: Shutting down and abandoning module MergeActors (434)
[2017.10.22-01.32.28:730][503]LogModuleManager: Shutting down and abandoning module SizeMap (432)
[2017.10.22-01.32.28:730][503]LogModuleManager: Shutting down and abandoning module TreeMap (430)
[2017.10.22-01.32.28:730][503]LogModuleManager: Shutting down and abandoning module ReferenceViewer (428)
[2017.10.22-01.32.28:730][503]LogModuleManager: Shutting down and abandoning module LocalizationDashboard (426)
[2017.10.22-01.32.28:730][503]LogModuleManager: Shutting down and abandoning module LocalizationService (425)
[2017.10.22-01.32.28:730][503]LogModuleManager: Shutting down and abandoning module HardwareTargeting (422)
[2017.10.22-01.32.28:730][503]LogModuleManager: Shutting down and abandoning module DeviceProfileEditor (420)
[2017.10.22-01.32.28:731][503]LogModuleManager: Shutting down and abandoning module UndoHistory (418)
[2017.10.22-01.32.28:731][503]LogModuleManager: Shutting down and abandoning module XmlParser (416)
[2017.10.22-01.32.28:731][503]LogModuleManager: Shutting down and abandoning module Blutility (414)
[2017.10.22-01.32.28:731][503]LogModuleManager: Shutting down and abandoning module ProjectSettingsViewer (412)
[2017.10.22-01.32.28:731][503]LogModuleManager: Shutting down and abandoning module ProjectTargetPlatformEditor (411)
[2017.10.22-01.32.28:731][503]LogModuleManager: Shutting down and abandoning module EditorSettingsViewer (408)
[2017.10.22-01.32.28:731][503]LogModuleManager: Shutting down and abandoning module SettingsEditor (406)
[2017.10.22-01.32.28:731][503]LogModuleManager: Shutting down and abandoning module ProjectLauncher (404)
[2017.10.22-01.32.28:732][503]LogModuleManager: Shutting down and abandoning module SessionFrontend (402)
[2017.10.22-01.32.28:732][503]LogModuleManager: Shutting down and abandoning module ProfilerClient (400)
[2017.10.22-01.32.28:732][503]LogModuleManager: Shutting down and abandoning module DeviceManager (398)
[2017.10.22-01.32.28:732][503]LogModuleManager: Shutting down and abandoning module TargetDeviceServices (397)
[2017.10.22-01.32.28:795][503]LogModuleManager: Shutting down and abandoning module AutomationController (394)
[2017.10.22-01.32.28:795][503]LogModuleManager: Shutting down and abandoning module AutomationWindow (392)
[2017.10.22-01.32.28:795][503]LogModuleManager: Shutting down and abandoning module Layers (390)
[2017.10.22-01.32.28:795][503]LogModuleManager: Shutting down and abandoning module ComponentVisualizers (388)
[2017.10.22-01.32.28:795][503]LogModuleManager: Shutting down and abandoning module DetailCustomizations (386)
[2017.10.22-01.32.28:795][503]LogModuleManager: Shutting down and abandoning module PackagesDialog (384)
[2017.10.22-01.32.28:796][503]LogModuleManager: Shutting down and abandoning module Persona (382)
[2017.10.22-01.32.28:796][503]LogModuleManager: Shutting down and abandoning module AdvancedPreviewScene (381)
[2017.10.22-01.32.28:796][503]LogModuleManager: Shutting down and abandoning module AnimGraph (379)
[2017.10.22-01.32.28:796][503]LogModuleManager: Shutting down and abandoning module Kismet (376)
[2017.10.22-01.32.28:796][503]LogModuleManager: Shutting down and abandoning module ClassViewer (374)
[2017.10.22-01.32.28:797][503]LogModuleManager: Shutting down and abandoning module Toolbox (372)
[2017.10.22-01.32.28:797][503]LogModuleManager: Shutting down and abandoning module ModuleUI (370)
[2017.10.22-01.32.28:797][503]LogModuleManager: Shutting down and abandoning module MovieSceneTools (368)
[2017.10.22-01.32.28:797][503]LogModuleManager: Shutting down and abandoning module OutputLog (366)
[2017.10.22-01.32.28:797][503]LogModuleManager: Shutting down and abandoning module GammaUI (364)
[2017.10.22-01.32.28:797][503]LogModuleManager: Shutting down and abandoning module Documentation (362)
[2017.10.22-01.32.28:797][503]LogModuleManager: Shutting down and abandoning module MovieSceneTracks (360)
[2017.10.22-01.32.28:797][503]LogModuleManager: Shutting down and abandoning module MovieScene (358)
[2017.10.22-01.32.28:797][503]LogModuleManager: Shutting down and abandoning module Niagara (356)
[2017.10.22-01.32.28:797][503]LogModuleManager: Shutting down and abandoning module NiagaraEditor (355)
[2017.10.22-01.32.28:797][503]LogModuleManager: Shutting down and abandoning module StreamingPauseRendering (352)
[2017.10.22-01.32.28:797][503]LogModuleManager: Shutting down and abandoning module LauncherPlatform (350)
[2017.10.22-01.32.28:797][503]LogModuleManager: Shutting down and abandoning module AnalyticsET (348)
[2017.10.22-01.32.28:797][503]LogModuleManager: Shutting down and abandoning module PortalServices (346)
[2017.10.22-01.32.28:797][503]LogModuleManager: Shutting down and abandoning module PortalRpc (344)
[2017.10.22-01.32.28:797][503]LogModuleManager: Shutting down and abandoning module MessagingRpc (342)
[2017.10.22-01.32.28:797][503]LogModuleManager: Shutting down and abandoning module AIModule (340)
[2017.10.22-01.32.28:797][503]LogModuleManager: Shutting down and abandoning module GameplayDebugger (339)
[2017.10.22-01.32.28:797][503]LogModuleManager: Shutting down and abandoning module AITestSuite (337)
[2017.10.22-01.32.28:797][503]LogModuleManager: Shutting down and abandoning module ProfilerService (334)
[2017.10.22-01.32.28:942][503]LogModuleManager: Shutting down and abandoning module TaskGraph (332)
[2017.10.22-01.32.28:942][503]LogModuleManager: Shutting down and abandoning module SteamVRController (330)
[2017.10.22-01.32.28:942][503]LogModuleManager: Shutting down and abandoning module ProceduralMeshComponentEditor (328)
[2017.10.22-01.32.28:942][503]LogModuleManager: Shutting down and abandoning module ProceduralMeshComponent (326)
[2017.10.22-01.32.28:942][503]LogModuleManager: Shutting down and abandoning module OculusInput (324)
[2017.10.22-01.32.28:942][503]LogModuleManager: Shutting down and abandoning module MobilePatchingUtils (322)
[2017.10.22-01.32.28:942][503]LogModuleManager: Shutting down and abandoning module CustomMeshComponent (320)
[2017.10.22-01.32.28:942][503]LogModuleManager: Shutting down and abandoning module CableComponent (318)
[2017.10.22-01.32.28:942][503]LogModuleManager: Shutting down and abandoning module ArchVisCharacter (316)
[2017.10.22-01.32.28:942][503]LogModuleManager: Shutting down and abandoning module AndroidPermission (314)
[2017.10.22-01.32.28:942][503]LogModuleManager: Shutting down and abandoning module MediaPlayerEditor (310)
[2017.10.22-01.32.28:942][503]LogModuleManager: Shutting down and abandoning module HTML5Networking (308)
[2017.10.22-01.32.28:942][503]LogModuleManager: Shutting down and abandoning module AlembicImporter (306)
[2017.10.22-01.32.28:942][503]LogModuleManager: Shutting down and abandoning module AlembicLibrary (305)
[2017.10.22-01.32.28:942][503]LogModuleManager: Shutting down and abandoning module GeometryCache (304)
[2017.10.22-01.32.28:942][503]LogModuleManager: Shutting down and abandoning module GeometryCacheEd (303)
[2017.10.22-01.32.28:942][503]LogModuleManager: Shutting down and abandoning module SpeedTreeImporter (298)
[2017.10.22-01.32.28:942][503]LogModuleManager: Shutting down and abandoning module PluginBrowser (296)
[2017.10.22-01.32.28:942][503]LogModuleManager: Shutting down and abandoning module MobileLauncherProfileWizard (294)
[2017.10.22-01.32.28:942][503]LogModuleManager: Shutting down and abandoning module VisualStudioSourceCodeAccess (292)
[2017.10.22-01.32.28:943][503]LogModuleManager: Shutting down and abandoning module DesktopPlatform (291)
[2017.10.22-01.32.28:943][503]LogModuleManager: Shutting down and abandoning module UObjectPlugin (288)
[2017.10.22-01.32.28:943][503]LogModuleManager: Shutting down and abandoning module SubversionSourceControl (286)
[2017.10.22-01.32.28:943][503]LogModuleManager: Shutting down and abandoning module PerforceSourceControl (284)
[2017.10.22-01.32.28:943][503]LogModuleManager: Shutting down and abandoning module GitSourceControl (282)
[2017.10.22-01.32.28:943][503]LogModuleManager: Shutting down and abandoning module SourceControl (281)
[2017.10.22-01.32.28:943][503]LogModuleManager: Shutting down and abandoning module LightPropagationVolumeEditor (278)
[2017.10.22-01.32.28:943][503]LogModuleManager: Shutting down and abandoning module PaperTiledImporter (276)
[2017.10.22-01.32.28:943][503]LogModuleManager: Shutting down and abandoning module PaperSpriteSheetImporter (274)
[2017.10.22-01.32.28:943][503]LogModuleManager: Shutting down and abandoning module Paper2DEditor (272)
[2017.10.22-01.32.28:943][503]LogModuleManager: Shutting down and abandoning module MeshPaint (271)
[2017.10.22-01.32.28:943][503]LogModuleManager: Shutting down and abandoning module LevelEditor (269)
[2017.10.22-01.32.28:944][503]LogModuleManager: Shutting down and abandoning module PixelInspectorModule (268)
[2017.10.22-01.32.28:944][503]LogModuleManager: Shutting down and abandoning module MainFrame (266)
[2017.10.22-01.32.28:944][503]LogModuleManager: Shutting down and abandoning module HotReload (265)
[2017.10.22-01.32.28:944][503]LogModuleManager: Shutting down and abandoning module RuntimePhysXCooking (260)
[2017.10.22-01.32.28:945][503]LogModuleManager: Shutting down and abandoning module PhysXVehiclesEditor (258)
[2017.10.22-01.32.28:945][503]LogModuleManager: Shutting down and abandoning module PhysXVehicles (256)
[2017.10.22-01.32.28:945][503]LogModuleManager: Shutting down and abandoning module OculusEditor (254)
[2017.10.22-01.32.28:945][503]LogModuleManager: Shutting down and abandoning module LocationServicesBPLibrary (252)
[2017.10.22-01.32.28:945][503]LogModuleManager: Shutting down and abandoning module ImmediatePhysicsEditor (250)
[2017.10.22-01.32.28:945][503]LogModuleManager: Shutting down and abandoning module ImmediatePhysics (248)
[2017.10.22-01.32.28:945][503]LogModuleManager: Shutting down and abandoning module UdpMessaging (246)
[2017.10.22-01.32.29:046][503]LogModuleManager: Shutting down and abandoning module TcpMessaging (244)
[2017.10.22-01.32.29:146][503]LogModuleManager: Shutting down and abandoning module GameplayTagsEditor (242)
[2017.10.22-01.32.29:146][503]LogModuleManager: Shutting down and abandoning module FacialAnimationEditor (240)
[2017.10.22-01.32.29:146][503]LogModuleManager: Shutting down and abandoning module FacialAnimation (238)
[2017.10.22-01.32.29:146][503]LogModuleManager: Shutting down and abandoning module AssetManagerEditor (236)
[2017.10.22-01.32.29:146][503]LogModuleManager: Shutting down and abandoning module GraphEditor (235)
[2017.10.22-01.32.29:146][503]LogModuleManager: Shutting down and abandoning module ContentBrowser (233)
[2017.10.22-01.32.29:147][503]LogModuleManager: Shutting down and abandoning module LightPropagationVolumeRuntime (230)
[2017.10.22-01.32.29:147][503]LogModuleManager: Shutting down and abandoning module Paper2D (228)
[2017.10.22-01.32.29:147][503]LogModuleManager: Shutting down and abandoning module WindowsMoviePlayer (226)
[2017.10.22-01.32.29:147][503]LogModuleManager: Shutting down and abandoning module WmfMedia (224)
[2017.10.22-01.32.29:147][503]LogModuleManager: Shutting down and abandoning module PacketHandler (222)
[2017.10.22-01.32.29:147][503]LogModuleManager: Shutting down and abandoning module ClothingSystemEditor (220)
[2017.10.22-01.32.29:147][503]LogModuleManager: Shutting down and abandoning module ClothingSystemRuntime (218)
[2017.10.22-01.32.29:147][503]LogModuleManager: Shutting down and abandoning module Overlay (216)
[2017.10.22-01.32.29:147][503]LogModuleManager: Shutting down and abandoning module OverlayEditor (215)
[2017.10.22-01.32.29:147][503]LogModuleManager: Shutting down and abandoning module MediaAssets (212)
[2017.10.22-01.32.29:147][503]LogModuleManager: Shutting down and abandoning module VREditor (210)
[2017.10.22-01.32.29:147][503]LogModuleManager: Shutting down and abandoning module StringTableEditor (208)
[2017.10.22-01.32.29:147][503]LogModuleManager: Shutting down and abandoning module GameplayTasksEditor (206)
[2017.10.22-01.32.29:147][503]LogModuleManager: Shutting down and abandoning module BehaviorTreeEditor (204)
[2017.10.22-01.32.29:147][503]LogModuleManager: Shutting down and abandoning module FunctionalTesting (202)
[2017.10.22-01.32.29:147][503]LogModuleManager: Shutting down and abandoning module CollisionAnalyzer (200)
[2017.10.22-01.32.29:147][503]LogModuleManager: Shutting down and abandoning module WorkspaceMenuStructure (199)
[2017.10.22-01.32.29:148][503]LogModuleManager: Shutting down and abandoning module UMG (196)
[2017.10.22-01.32.29:148][503]LogModuleManager: Shutting down and abandoning module UMGEditor (195)
[2017.10.22-01.32.29:148][503]LogModuleManager: Shutting down and abandoning module Sequencer (194)
[2017.10.22-01.32.29:148][503]LogModuleManager: Shutting down and abandoning module MessageLog (191)
[2017.10.22-01.32.29:148][503]LogModuleManager: Shutting down and abandoning module SlateReflector (186)
[2017.10.22-01.32.29:148][503]LogModuleManager: Shutting down and abandoning module Slate (184)
[2017.10.22-01.32.29:148][503]LogModuleManager: Shutting down and abandoning module EditorStyle (182)
[2017.10.22-01.32.29:149][503]LogModuleManager: Shutting down and abandoning module MRMesh (180)
[2017.10.22-01.32.29:149][503]LogModuleManager: Shutting down and abandoning module SourceCodeAccess (178)
[2017.10.22-01.32.29:149][503]LogModuleManager: Shutting down and abandoning module HeadMountedDisplay (176)
[2017.10.22-01.32.29:149][503]LogModuleManager: Shutting down and abandoning module XAudio2 (174)
[2017.10.22-01.32.29:150][503]LogModuleManager: Shutting down and abandoning module Networking (172)
[2017.10.22-01.32.29:150][503]LogModuleManager: Shutting down and abandoning module Core (168)
[2017.10.22-01.32.29:150][503]LogModuleManager: Shutting down and abandoning module KismetCompiler (164)
[2017.10.22-01.32.29:150][503]LogModuleManager: Shutting down and abandoning module LevelSequence (162)
[2017.10.22-01.32.29:150][503]LogModuleManager: Shutting down and abandoning module MeshUtilities (160)
[2017.10.22-01.32.29:150][503]LogModuleManager: Shutting down and abandoning module MeshMergeUtilities (159)
[2017.10.22-01.32.29:150][503]LogModuleManager: Shutting down and abandoning module MeshReductionInterface (158)
[2017.10.22-01.32.29:150][503]LogModuleManager: Shutting down and abandoning module SimplygonSwarm (157)
[2017.10.22-01.32.29:150][503]LogModuleManager: Shutting down and abandoning module SimplygonMeshReduction (155)
[2017.10.22-01.32.29:150][503]LogModuleManager: Shutting down and abandoning module QuadricMeshReduction (153)
[2017.10.22-01.32.29:150][503]LogModuleManager: Shutting down and abandoning module MaterialBaking (149)
[2017.10.22-01.32.29:150][503]LogModuleManager: Shutting down and abandoning module DirectoryWatcher (146)
[2017.10.22-01.32.29:150][503]LogModuleManager: Shutting down and abandoning module DerivedDataCache (144)
[2017.10.22-01.32.29:172][503]LogDerivedDataCache: Shutdown
[2017.10.22-01.32.29:172][503]LogModuleManager: Shutting down and abandoning module TargetPlatform (142)
[2017.10.22-01.32.29:172][503]LogModuleManager: Shutting down and abandoning module VulkanShaderFormat (141)
[2017.10.22-01.32.29:172][503]LogModuleManager: Shutting down and abandoning module ShaderFormatVectorVM (139)
[2017.10.22-01.32.29:172][503]LogModuleManager: Shutting down and abandoning module ShaderFormatOpenGL (137)
[2017.10.22-01.32.29:172][503]LogModuleManager: Shutting down and abandoning module ShaderFormatD3D (135)
[2017.10.22-01.32.29:172][503]LogModuleManager: Shutting down and abandoning module MetalShaderFormat (133)
[2017.10.22-01.32.29:172][503]LogModuleManager: Shutting down and abandoning module TextureFormatUncompressed (131)
[2017.10.22-01.32.29:172][503]LogModuleManager: Shutting down and abandoning module TextureFormatPVR (129)
[2017.10.22-01.32.29:172][503]LogModuleManager: Shutting down and abandoning module TextureFormatDXT (127)
[2017.10.22-01.32.29:172][503]LogModuleManager: Shutting down and abandoning module TextureFormatIntelISPCTexComp (125)
[2017.10.22-01.32.29:172][503]LogModuleManager: Shutting down and abandoning module TextureFormatASTC (123)
[2017.10.22-01.32.29:172][503]LogModuleManager: Shutting down and abandoning module ImageWrapper (122)
[2017.10.22-01.32.29:172][503]LogModuleManager: Shutting down and abandoning module TextureFormatAndroid (119)
[2017.10.22-01.32.29:172][503]LogModuleManager: Shutting down and abandoning module AudioFormatOpus (117)
[2017.10.22-01.32.29:172][503]LogModuleManager: Shutting down and abandoning module AudioFormatOgg (115)
[2017.10.22-01.32.29:172][503]LogModuleManager: Shutting down and abandoning module AudioFormatADPCM (113)
[2017.10.22-01.32.29:172][503]LogModuleManager: Shutting down and abandoning module LinuxTargetPlatform (111)
[2017.10.22-01.32.29:172][503]LogModuleManager: Shutting down and abandoning module LinuxServerTargetPlatform (109)
[2017.10.22-01.32.29:172][503]LogModuleManager: Shutting down and abandoning module LinuxNoEditorTargetPlatform (107)
[2017.10.22-01.32.29:172][503]LogModuleManager: Shutting down and abandoning module LinuxClientTargetPlatform (105)
[2017.10.22-01.32.29:172][503]LogModuleManager: Shutting down and abandoning module TVOSTargetPlatform (103)
[2017.10.22-01.32.29:172][503]LogModuleManager: Shutting down and abandoning module Messaging (101)
[2017.10.22-01.32.29:172][503]LogModuleManager: Shutting down and abandoning module IOSTargetPlatform (99)
[2017.10.22-01.32.29:172][503]LogModuleManager: Shutting down and abandoning module HTML5TargetPlatform (97)
[2017.10.22-01.32.29:172][503]LogModuleManager: Shutting down and abandoning module Android_PVRTCTargetPlatform (95)
[2017.10.22-01.32.29:172][503]LogModuleManager: Shutting down and abandoning module Android_MultiTargetPlatform (93)
[2017.10.22-01.32.29:172][503]LogModuleManager: Shutting down and abandoning module Android_ETC2TargetPlatform (91)
[2017.10.22-01.32.29:173][503]LogModuleManager: Shutting down and abandoning module Android_ETC1TargetPlatform (89)
[2017.10.22-01.32.29:173][503]LogModuleManager: Shutting down and abandoning module Android_DXTTargetPlatform (87)
[2017.10.22-01.32.29:173][503]LogModuleManager: Shutting down and abandoning module Android_ATCTargetPlatform (85)
[2017.10.22-01.32.29:173][503]LogModuleManager: Shutting down and abandoning module Android_ASTCTargetPlatform (83)
[2017.10.22-01.32.29:173][503]LogModuleManager: Shutting down and abandoning module AndroidTargetPlatform (81)
[2017.10.22-01.32.29:173][503]LogModuleManager: Shutting down and abandoning module WindowsTargetPlatform (79)
[2017.10.22-01.32.29:173][503]LogModuleManager: Shutting down and abandoning module WindowsServerTargetPlatform (77)
[2017.10.22-01.32.29:173][503]LogModuleManager: Shutting down and abandoning module WindowsNoEditorTargetPlatform (75)
[2017.10.22-01.32.29:173][503]LogModuleManager: Shutting down and abandoning module WindowsClientTargetPlatform (73)
[2017.10.22-01.32.29:173][503]LogModuleManager: Shutting down and abandoning module MacTargetPlatform (71)
[2017.10.22-01.32.29:173][503]LogModuleManager: Shutting down and abandoning module MacServerTargetPlatform (69)
[2017.10.22-01.32.29:173][503]LogModuleManager: Shutting down and abandoning module MacNoEditorTargetPlatform (67)
[2017.10.22-01.32.29:173][503]LogModuleManager: Shutting down and abandoning module MacClientTargetPlatform (65)
[2017.10.22-01.32.29:173][503]LogModuleManager: Shutting down and abandoning module AllDesktopTargetPlatform (63)
[2017.10.22-01.32.29:173][503]LogModuleManager: Shutting down and abandoning module InputCore (60)
[2017.10.22-01.32.29:173][503]LogModuleManager: Shutting down and abandoning module Settings (58)
[2017.10.22-01.32.29:173][503]LogModuleManager: Shutting down and abandoning module PhysXCooking (56)
[2017.10.22-01.32.29:173][503]LogModuleManager: Shutting down and abandoning module SteamVR (54)
[2017.10.22-01.32.29:173][503]LogModuleManager: Shutting down and abandoning module OculusHMD (52)
[2017.10.22-01.32.29:173][503]LogModuleManager: Shutting down and abandoning module ExampleDeviceProfileSelector (50)
[2017.10.22-01.32.29:173][503]LogModuleManager: Shutting down and abandoning module OnlineBlueprintSupport (48)
[2017.10.22-01.32.29:173][503]LogModuleManager: Shutting down and abandoning module OnlineSubsystem (44)
[2017.10.22-01.32.29:173][503]LogOnline: Display: Unloading online subsystem: NULL
[2017.10.22-01.32.29:173][503]LogModuleManager: Shutting down and abandoning module XMPP (43)
[2017.10.22-01.32.29:173][503]LogModuleManager: Shutting down and abandoning module HTTP (41)
[2017.10.22-01.32.29:173][503]LogHttp: Display: Http module shutting down, but needs to wait on 1 outstanding Http requests:
[2017.10.22-01.32.29:173][503]LogHttp: Display: 	verb=[POST] url=[https://datarouter.ol.epicgames.com/datarouter/api/v1/public/data?SessionID=%7BC66E0EE8-4AC6-05C9-194E-BA8D316A011A%7D&AppID=UEEditor.Rocket.Release&AppVersion=4.17.2-3658906%2B%2B%2BUE4%2BRelease-4.17&UserID=a2af95544f0938fc35241bbea866488e%7C4a680e3ea4b04fcfb5b075835c5b546b%7Cd27101be-b892-4db8-97d0-a064c037c236&AppEnvironment=datacollector-binary&UploadType=eteventstream] status=Processing
[2017.10.22-01.32.29:175][503]LogModuleManager: Shutting down and abandoning module SSL (40)
[2017.10.22-01.32.29:176][503]LogModuleManager: Shutting down and abandoning module AnimationModifiers (36)
[2017.10.22-01.32.29:177][503]LogModuleManager: Shutting down and abandoning module PropertyEditor (35)
[2017.10.22-01.32.29:177][503]LogModuleManager: Shutting down and abandoning module AudioEditor (32)
[2017.10.22-01.32.29:177][503]LogModuleManager: Shutting down and abandoning module TextureCompressor (30)
[2017.10.22-01.32.29:177][503]LogModuleManager: Shutting down and abandoning module ShaderCore (28)
[2017.10.22-01.32.29:177][503]LogModuleManager: Shutting down and abandoning module Landscape (26)
[2017.10.22-01.32.29:177][503]LogModuleManager: Shutting down and abandoning module SlateRHIRenderer (24)
[2017.10.22-01.32.29:177][503]LogModuleManager: Shutting down and abandoning module OpenGLDrv (22)
[2017.10.22-01.32.29:178][503]LogModuleManager: Shutting down and abandoning module D3D11RHI (20)
[2017.10.22-01.32.29:178][503]LogModuleManager: Shutting down and abandoning module AnimGraphRuntime (18)
[2017.10.22-01.32.29:178][503]LogModuleManager: Shutting down and abandoning module Renderer (16)
[2017.10.22-01.32.29:178][503]LogModuleManager: Shutting down and abandoning module Engine (14)
[2017.10.22-01.32.29:178][503]LogModuleManager: Shutting down and abandoning module CoreUObject (12)
[2017.10.22-01.32.29:178][503]LogModuleManager: Shutting down and abandoning module NetworkFile (10)
[2017.10.22-01.32.29:178][503]LogModuleManager: Shutting down and abandoning module CookedIterativeFile (8)
[2017.10.22-01.32.29:178][503]LogModuleManager: Shutting down and abandoning module StreamingFile (6)
[2017.10.22-01.32.29:178][503]LogModuleManager: Shutting down and abandoning module SandboxFile (4)
[2017.10.22-01.32.29:178][503]LogModuleManager: Shutting down and abandoning module PakFile (2)
[2017.10.22-01.32.29:180][503]LogExit: Exiting.
[2017.10.22-01.32.29:188][503]Log file closed, 10/21/17 20:32:29
